#
# There is insufficient memory for the Java Runtime Environment to continue.
# Native memory allocation (mmap) failed to map 33554432 bytes for committing reserved memory.
# Possible reasons:
#   The system is out of physical RAM or swap space
#   In 32 bit mode, the process size limit was hit
# Possible solutions:
#   Reduce memory load on the system
#   Increase physical memory or swap space
#   Check if swap backing store is full
#   Use 64 bit Java on a 64 bit OS
#   Decrease Java heap size (-Xmx/-Xms)
#   Decrease number of Java threads
#   Decrease Java thread stack sizes (-Xss)
#   Set larger code cache with -XX:ReservedCodeCacheSize=
# This output file may be truncated or incomplete.
#
#  Out of Memory Error (os_linux.cpp:2640), pid=31420, tid=0x00007f2bdfa67700
#
# JRE version:  (8.0_144-b01) (build )
# Java VM: Java HotSpot(TM) 64-Bit Server VM (25.144-b01 mixed mode linux-amd64 compressed oops)
# Failed to write core dump. Core dumps have been disabled. To enable core dumping, try "ulimit -c unlimited" before starting Java again
#

---------------  T H R E A D  ---------------

Current thread (0x00007f2bd800a800):  JavaThread "Unknown thread" [_thread_in_vm, id=31437, stack(0x00007f2bdf867000,0x00007f2bdfa68000)]

Stack: [0x00007f2bdf867000,0x00007f2bdfa68000],  sp=0x00007f2bdfa66380,  free space=2044k
Native frames: (J=compiled Java code, j=interpreted, Vv=VM code, C=native code)
V  [libjvm.so+0xacb18a]  VMError::report_and_die()+0x2ba
V  [libjvm.so+0x4ff4db]  report_vm_out_of_memory(char const*, int, unsigned long, VMErrorType, char const*)+0x8b
V  [libjvm.so+0x927d23]  os::Linux::commit_memory_impl(char*, unsigned long, bool)+0x103
V  [libjvm.so+0x928279]  os::pd_commit_memory(char*, unsigned long, unsigned long, bool)+0x29
V  [libjvm.so+0x92249a]  os::commit_memory(char*, unsigned long, unsigned long, bool)+0x2a
V  [libjvm.so+0xac6ee9]  VirtualSpace::expand_by(unsigned long, bool)+0x199
V  [libjvm.so+0xac7a3e]  VirtualSpace::initialize(ReservedSpace, unsigned long)+0xee
V  [libjvm.so+0x4e3d6e]  CMSCollector::CMSCollector(ConcurrentMarkSweepGeneration*, CardTableRS*, ConcurrentMarkSweepPolicy*)+0xbae
V  [libjvm.so+0x5ed4c7]  GenCollectedHeap::create_cms_collector()+0x57
V  [libjvm.so+0x5eda29]  GenCollectedHeap::initialize()+0x279
V  [libjvm.so+0xa93203]  Universe::initialize_heap()+0xf3
V  [libjvm.so+0xa9376e]  universe_init()+0x3e
V  [libjvm.so+0x640565]  init_globals()+0x65
V  [libjvm.so+0xa76e5e]  Threads::create_vm(JavaVMInitArgs*, bool*)+0x23e
V  [libjvm.so+0x6d4e64]  JNI_CreateJavaVM+0x74
C  [libjli.so+0x745e]  JavaMain+0x9e
C  [libpthread.so.0+0x76ba]  start_thread+0xca


---------------  P R O C E S S  ---------------

Java Threads: ( => current thread )

Other Threads:

=>0x00007f2bd800a800 (exited) JavaThread "Unknown thread" [_thread_in_vm, id=31437, stack(0x00007f2bdf867000,0x00007f2bdfa68000)]

VM state:not at safepoint (not fully initialized)

VM Mutex/Monitor currently owned by a thread: None

GC Heap History (0 events):
No events

Deoptimization events (0 events):
No events

Internal exceptions (0 events):
No events

Events (0 events):
No events


Dynamic libraries:
00400000-00401000 r-xp 00000000 fc:00 147183                             /usr/lib/jvm/java-8-oracle/bin/java
00600000-00601000 rw-p 00000000 fc:00 147183                             /usr/lib/jvm/java-8-oracle/bin/java
00dad000-00dce000 rw-p 00000000 00:00 0                                  [heap]
c0000000-c02a0000 rw-p 00000000 00:00 0 
c02a0000-c5330000 ---p 00000000 00:00 0 
c5330000-c5890000 rw-p 00000000 00:00 0 
c5890000-100000000 ---p 00000000 00:00 0 
7f2bc4000000-7f2bc4021000 rw-p 00000000 00:00 0 
7f2bc4021000-7f2bc8000000 ---p 00000000 00:00 0 
7f2bc9000000-7f2bc9270000 rwxp 00000000 00:00 0 
7f2bc9270000-7f2bd8000000 ---p 00000000 00:00 0 
7f2bd8000000-7f2bd8057000 rw-p 00000000 00:00 0 
7f2bd8057000-7f2bdc000000 ---p 00000000 00:00 0 
7f2bdcdf5000-7f2bddf33000 rw-p 00000000 00:00 0 
7f2bddf33000-7f2bde107000 ---p 00000000 00:00 0 
7f2bde107000-7f2bde20a000 rw-p 00000000 00:00 0 
7f2bde20a000-7f2bde231000 ---p 00000000 00:00 0 
7f2bde231000-7f2bde235000 rw-p 00000000 00:00 0 
7f2bde235000-7f2bde408000 ---p 00000000 00:00 0 
7f2bde408000-7f2bde413000 rw-p 00000000 00:00 0 
7f2bde413000-7f2bde7c9000 ---p 00000000 00:00 0 
7f2bde7c9000-7f2bde7e3000 r-xp 00000000 fc:00 147350                     /usr/lib/jvm/java-8-oracle/jre/lib/amd64/libzip.so
7f2bde7e3000-7f2bde9e3000 ---p 0001a000 fc:00 147350                     /usr/lib/jvm/java-8-oracle/jre/lib/amd64/libzip.so
7f2bde9e3000-7f2bde9e4000 rw-p 0001a000 fc:00 147350                     /usr/lib/jvm/java-8-oracle/jre/lib/amd64/libzip.so
7f2bde9e4000-7f2bde9ef000 r-xp 00000000 fc:00 8552                       /lib/x86_64-linux-gnu/libnss_files-2.23.so
7f2bde9ef000-7f2bdebee000 ---p 0000b000 fc:00 8552                       /lib/x86_64-linux-gnu/libnss_files-2.23.so
7f2bdebee000-7f2bdebef000 r--p 0000a000 fc:00 8552                       /lib/x86_64-linux-gnu/libnss_files-2.23.so
7f2bdebef000-7f2bdebf0000 rw-p 0000b000 fc:00 8552                       /lib/x86_64-linux-gnu/libnss_files-2.23.so
7f2bdebf0000-7f2bdebf6000 rw-p 00000000 00:00 0 
7f2bdebf6000-7f2bdec01000 r-xp 00000000 fc:00 8555                       /lib/x86_64-linux-gnu/libnss_nis-2.23.so
7f2bdec01000-7f2bdee00000 ---p 0000b000 fc:00 8555                       /lib/x86_64-linux-gnu/libnss_nis-2.23.so
7f2bdee00000-7f2bdee01000 r--p 0000a000 fc:00 8555                       /lib/x86_64-linux-gnu/libnss_nis-2.23.so
7f2bdee01000-7f2bdee02000 rw-p 0000b000 fc:00 8555                       /lib/x86_64-linux-gnu/libnss_nis-2.23.so
7f2bdee02000-7f2bdee18000 r-xp 00000000 fc:00 644                        /lib/x86_64-linux-gnu/libnsl-2.23.so
7f2bdee18000-7f2bdf017000 ---p 00016000 fc:00 644                        /lib/x86_64-linux-gnu/libnsl-2.23.so
7f2bdf017000-7f2bdf018000 r--p 00015000 fc:00 644                        /lib/x86_64-linux-gnu/libnsl-2.23.so
7f2bdf018000-7f2bdf019000 rw-p 00016000 fc:00 644                        /lib/x86_64-linux-gnu/libnsl-2.23.so
7f2bdf019000-7f2bdf01b000 rw-p 00000000 00:00 0 
7f2bdf01b000-7f2bdf023000 r-xp 00000000 fc:00 8561                       /lib/x86_64-linux-gnu/libnss_compat-2.23.so
7f2bdf023000-7f2bdf222000 ---p 00008000 fc:00 8561                       /lib/x86_64-linux-gnu/libnss_compat-2.23.so
7f2bdf222000-7f2bdf223000 r--p 00007000 fc:00 8561                       /lib/x86_64-linux-gnu/libnss_compat-2.23.so
7f2bdf223000-7f2bdf224000 rw-p 00008000 fc:00 8561                       /lib/x86_64-linux-gnu/libnss_compat-2.23.so
7f2bdf224000-7f2bdf24f000 r-xp 00000000 fc:00 147390                     /usr/lib/jvm/java-8-oracle/jre/lib/amd64/libjava.so
7f2bdf24f000-7f2bdf44e000 ---p 0002b000 fc:00 147390                     /usr/lib/jvm/java-8-oracle/jre/lib/amd64/libjava.so
7f2bdf44e000-7f2bdf450000 rw-p 0002a000 fc:00 147390                     /usr/lib/jvm/java-8-oracle/jre/lib/amd64/libjava.so
7f2bdf450000-7f2bdf45d000 r-xp 00000000 fc:00 147313                     /usr/lib/jvm/java-8-oracle/jre/lib/amd64/libverify.so
7f2bdf45d000-7f2bdf65d000 ---p 0000d000 fc:00 147313                     /usr/lib/jvm/java-8-oracle/jre/lib/amd64/libverify.so
7f2bdf65d000-7f2bdf65f000 rw-p 0000d000 fc:00 147313                     /usr/lib/jvm/java-8-oracle/jre/lib/amd64/libverify.so
7f2bdf65f000-7f2bdf666000 r-xp 00000000 fc:00 8557                       /lib/x86_64-linux-gnu/librt-2.23.so
7f2bdf666000-7f2bdf865000 ---p 00007000 fc:00 8557                       /lib/x86_64-linux-gnu/librt-2.23.so
7f2bdf865000-7f2bdf866000 r--p 00006000 fc:00 8557                       /lib/x86_64-linux-gnu/librt-2.23.so
7f2bdf866000-7f2bdf867000 rw-p 00007000 fc:00 8557                       /lib/x86_64-linux-gnu/librt-2.23.so
7f2bdf867000-7f2bdf86a000 ---p 00000000 00:00 0 
7f2bdf86a000-7f2bdfa68000 rw-p 00000000 00:00 0 
7f2bdfa68000-7f2bdfb70000 r-xp 00000000 fc:00 8566                       /lib/x86_64-linux-gnu/libm-2.23.so
7f2bdfb70000-7f2bdfd6f000 ---p 00108000 fc:00 8566                       /lib/x86_64-linux-gnu/libm-2.23.so
7f2bdfd6f000-7f2bdfd70000 r--p 00107000 fc:00 8566                       /lib/x86_64-linux-gnu/libm-2.23.so
7f2bdfd70000-7f2bdfd71000 rw-p 00108000 fc:00 8566                       /lib/x86_64-linux-gnu/libm-2.23.so
7f2bdfd71000-7f2be0a44000 r-xp 00000000 fc:00 147399                     /usr/lib/jvm/java-8-oracle/jre/lib/amd64/server/libjvm.so
7f2be0a44000-7f2be0c43000 ---p 00cd3000 fc:00 147399                     /usr/lib/jvm/java-8-oracle/jre/lib/amd64/server/libjvm.so
7f2be0c43000-7f2be0d1d000 rw-p 00cd2000 fc:00 147399                     /usr/lib/jvm/java-8-oracle/jre/lib/amd64/server/libjvm.so
7f2be0d1d000-7f2be0d68000 rw-p 00000000 00:00 0 
7f2be0d68000-7f2be0f28000 r-xp 00000000 fc:00 8573                       /lib/x86_64-linux-gnu/libc-2.23.so
7f2be0f28000-7f2be1128000 ---p 001c0000 fc:00 8573                       /lib/x86_64-linux-gnu/libc-2.23.so
7f2be1128000-7f2be112c000 r--p 001c0000 fc:00 8573                       /lib/x86_64-linux-gnu/libc-2.23.so
7f2be112c000-7f2be112e000 rw-p 001c4000 fc:00 8573                       /lib/x86_64-linux-gnu/libc-2.23.so
7f2be112e000-7f2be1132000 rw-p 00000000 00:00 0 
7f2be1132000-7f2be1135000 r-xp 00000000 fc:00 8560                       /lib/x86_64-linux-gnu/libdl-2.23.so
7f2be1135000-7f2be1334000 ---p 00003000 fc:00 8560                       /lib/x86_64-linux-gnu/libdl-2.23.so
7f2be1334000-7f2be1335000 r--p 00002000 fc:00 8560                       /lib/x86_64-linux-gnu/libdl-2.23.so
7f2be1335000-7f2be1336000 rw-p 00003000 fc:00 8560                       /lib/x86_64-linux-gnu/libdl-2.23.so
7f2be1336000-7f2be134b000 r-xp 00000000 fc:00 144787                     /usr/lib/jvm/java-8-oracle/lib/amd64/jli/libjli.so
7f2be134b000-7f2be154b000 ---p 00015000 fc:00 144787                     /usr/lib/jvm/java-8-oracle/lib/amd64/jli/libjli.so
7f2be154b000-7f2be154c000 rw-p 00015000 fc:00 144787                     /usr/lib/jvm/java-8-oracle/lib/amd64/jli/libjli.so
7f2be154c000-7f2be1564000 r-xp 00000000 fc:00 8554                       /lib/x86_64-linux-gnu/libpthread-2.23.so
7f2be1564000-7f2be1763000 ---p 00018000 fc:00 8554                       /lib/x86_64-linux-gnu/libpthread-2.23.so
7f2be1763000-7f2be1764000 r--p 00017000 fc:00 8554                       /lib/x86_64-linux-gnu/libpthread-2.23.so
7f2be1764000-7f2be1765000 rw-p 00018000 fc:00 8554                       /lib/x86_64-linux-gnu/libpthread-2.23.so
7f2be1765000-7f2be1769000 rw-p 00000000 00:00 0 
7f2be1769000-7f2be178f000 r-xp 00000000 fc:00 717                        /lib/x86_64-linux-gnu/ld-2.23.so
7f2be1842000-7f2be187d000 rw-p 00000000 00:00 0 
7f2be187d000-7f2be187e000 ---p 00000000 00:00 0 
7f2be187e000-7f2be1982000 rw-p 00000000 00:00 0 
7f2be1982000-7f2be198a000 rw-s 00000000 fc:00 128516                     /tmp/hsperfdata_ubuntu/31420
7f2be198a000-7f2be198b000 rw-p 00000000 00:00 0 
7f2be198b000-7f2be198c000 r--p 00000000 00:00 0 
7f2be198c000-7f2be198e000 rw-p 00000000 00:00 0 
7f2be198e000-7f2be198f000 r--p 00025000 fc:00 717                        /lib/x86_64-linux-gnu/ld-2.23.so
7f2be198f000-7f2be1990000 rw-p 00026000 fc:00 717                        /lib/x86_64-linux-gnu/ld-2.23.so
7f2be1990000-7f2be1991000 rw-p 00000000 00:00 0 
7ffc7590e000-7ffc7592f000 rw-p 00000000 00:00 0                          [stack]
7ffc759f5000-7ffc759f7000 r--p 00000000 00:00 0                          [vvar]
7ffc759f7000-7ffc759f9000 r-xp 00000000 00:00 0                          [vdso]
ffffffffff600000-ffffffffff601000 r-xp 00000000 00:00 0                  [vsyscall]

VM Arguments:
jvm_args: -XX:+UseParNewGC -XX:+UseConcMarkSweepGC -Djava.awt.headless=true -XX:CMSInitiatingOccupancyFraction=75 -XX:+UseCMSInitiatingOccupancyOnly -XX:+HeapDumpOnOutOfMemoryError -Xmx1g -Xss2048k -Djffi.boot.library.path=/opt/logstash/vendor/jruby/lib/jni -XX:+UseParNewGC -XX:+UseConcMarkSweepGC -Djava.awt.headless=true -XX:CMSInitiatingOccupancyFraction=75 -XX:+UseCMSInitiatingOccupancyOnly -XX:+HeapDumpOnOutOfMemoryError -XX:HeapDumpPath=/opt/logstash/heapdump.hprof -Xbootclasspath/a:/opt/logstash/vendor/jruby/lib/jruby.jar -Djruby.home=/opt/logstash/vendor/jruby -Djruby.lib=/opt/logstash/vendor/jruby/lib -Djruby.script=jruby -Djruby.shell=/bin/sh 
java_command: org.jruby.Main --1.9 /opt/logstash/lib/bootstrap/environment.rb logstash/runner.rb agent -f /home/ubuntu/elk_hello_world/dns_100_grok.conf
java_class_path (initial): :
Launcher Type: SUN_STANDARD

Environment Variables:
JAVA_HOME=/usr/lib/jvm/java-8-oracle
PATH=/home/ubuntu/bin:/home/ubuntu/.local/bin:/home/ubuntu/bin:/home/ubuntu/.local/bin:/usr/local/sbin:/usr/local/bin:/usr/sbin:/usr/bin:/sbin:/bin:/usr/games:/usr/local/games:/snap/bin:/usr/local/bin/consul
SHELL=/bin/bash

Signal Handlers:
SIGSEGV: [libjvm.so+0xacba10], sa_mask[0]=11111111011111111101111111111110, sa_flags=SA_RESTART|SA_SIGINFO
SIGBUS: [libjvm.so+0xacba10], sa_mask[0]=11111111011111111101111111111110, sa_flags=SA_RESTART|SA_SIGINFO
SIGFPE: [libjvm.so+0x924ba0], sa_mask[0]=11111111011111111101111111111110, sa_flags=SA_RESTART|SA_SIGINFO
SIGPIPE: [libjvm.so+0x924ba0], sa_mask[0]=11111111011111111101111111111110, sa_flags=SA_RESTART|SA_SIGINFO
SIGXFSZ: [libjvm.so+0x924ba0], sa_mask[0]=11111111011111111101111111111110, sa_flags=SA_RESTART|SA_SIGINFO
SIGILL: [libjvm.so+0x924ba0], sa_mask[0]=11111111011111111101111111111110, sa_flags=SA_RESTART|SA_SIGINFO
SIGUSR1: SIG_DFL, sa_mask[0]=00000000000000000000000000000000, sa_flags=none
SIGUSR2: [libjvm.so+0x9263e0], sa_mask[0]=00000000000000000000000000000000, sa_flags=SA_RESTART|SA_SIGINFO
SIGHUP: SIG_DFL, sa_mask[0]=00000000000000000000000000000000, sa_flags=none
SIGINT: SIG_DFL, sa_mask[0]=00000000000000000000000000000000, sa_flags=none
SIGTERM: SIG_DFL, sa_mask[0]=00000000000000000000000000000000, sa_flags=none
SIGQUIT: SIG_DFL, sa_mask[0]=00000000000000000000000000000000, sa_flags=none


---------------  S Y S T E M  ---------------

OS:DISTRIB_ID=Ubuntu
DISTRIB_RELEASE=16.04
DISTRIB_CODENAME=xenial
DISTRIB_DESCRIPTION="Ubuntu 16.04.2 LTS"

uname:Linux 4.4.0-79-generic #100-Ubuntu SMP Wed May 17 19:58:14 UTC 2017 x86_64
libc:glibc 2.23 NPTL 2.23 
rlimit: STACK 8192k, CORE 0k, NPROC 1795, NOFILE 65536, AS infinity
load average:1.27 0.46 0.21

/proc/meminfo:
MemTotal:         499956 kB
MemFree:            5556 kB
MemAvailable:      24132 kB
Buffers:             676 kB
Cached:            19336 kB
SwapCached:         3016 kB
Active:           210628 kB
Inactive:         218004 kB
Active(anon):     203264 kB
Inactive(anon):   209716 kB
Active(file):       7364 kB
Inactive(file):     8288 kB
Unevictable:        3656 kB
Mlocked:            3656 kB
SwapTotal:        524284 kB
SwapFree:              0 kB
Dirty:               356 kB
Writeback:             0 kB
AnonPages:        409380 kB
Mapped:            14808 kB
Shmem:              1868 kB
Slab:              30128 kB
SReclaimable:      15460 kB
SUnreclaim:        14668 kB
KernelStack:        3488 kB
PageTables:         7760 kB
NFS_Unstable:          0 kB
Bounce:                0 kB
WritebackTmp:          0 kB
CommitLimit:      774260 kB
Committed_AS:    1670908 kB
VmallocTotal:   34359738367 kB
VmallocUsed:           0 kB
VmallocChunk:          0 kB
HardwareCorrupted:     0 kB
AnonHugePages:         0 kB
CmaTotal:              0 kB
CmaFree:               0 kB
HugePages_Total:       0
HugePages_Free:        0
HugePages_Rsvd:        0
HugePages_Surp:        0
Hugepagesize:       2048 kB
DirectMap4k:       77696 kB
DirectMap2M:      446464 kB


CPU:total 1 (initial active 1) (1 cores per cpu, 1 threads per core) family 15 model 6 stepping 1, cmov, cx8, fxsr, mmx, sse, sse2, sse3, tsc

/proc/cpuinfo:
processor	: 0
vendor_id	: GenuineIntel
cpu family	: 15
model		: 6
model name	: Common KVM processor
stepping	: 1
microcode	: 0x1
cpu MHz		: 2393.998
cache size	: 4096 KB
physical id	: 0
siblings	: 1
core id		: 0
cpu cores	: 1
apicid		: 0
initial apicid	: 0
fpu		: yes
fpu_exception	: yes
cpuid level	: 13
wp		: yes
flags		: fpu vme de pse tsc msr pae mce cx8 apic sep mtrr pge mca cmov pat pse36 clflush mmx fxsr sse sse2 syscall nx lm constant_tsc nopl xtopology pni cx16 x2apic hypervisor lahf_lm
bugs		:
bogomips	: 4787.99
clflush size	: 64
cache_alignment	: 128
address sizes	: 40 bits physical, 48 bits virtual
power management:



Memory: 4k page, physical 499956k(5556k free), swap 524284k(0k free)

vm_info: Java HotSpot(TM) 64-Bit Server VM (25.144-b01) for linux-amd64 JRE (1.8.0_144-b01), built on Jul 21 2017 21:57:33 by "java_re" with gcc 4.3.0 20080428 (Red Hat 4.3.0-8)

time: Thu Aug 10 15:36:23 2017
elapsed time: 2 seconds (0d 0h 0m 2s)

