#
# There is insufficient memory for the Java Runtime Environment to continue.
# Native memory allocation (mmap) failed to map 258801664 bytes for committing reserved memory.
# Possible reasons:
#   The system is out of physical RAM or swap space
#   In 32 bit mode, the process size limit was hit
# Possible solutions:
#   Reduce memory load on the system
#   Increase physical memory or swap space
#   Check if swap backing store is full
#   Use 64 bit Java on a 64 bit OS
#   Decrease Java heap size (-Xmx/-Xms)
#   Decrease number of Java threads
#   Decrease Java thread stack sizes (-Xss)
#   Set larger code cache with -XX:ReservedCodeCacheSize=
# This output file may be truncated or incomplete.
#
#  Out of Memory Error (os_linux.cpp:2640), pid=4731, tid=0x00007f96cbd86700
#
# JRE version:  (8.0_144-b01) (build )
# Java VM: Java HotSpot(TM) 64-Bit Server VM (25.144-b01 mixed mode linux-amd64 compressed oops)
# Failed to write core dump. Core dumps have been disabled. To enable core dumping, try "ulimit -c unlimited" before starting Java again
#

---------------  T H R E A D  ---------------

Current thread (0x00007f96c400a800):  JavaThread "Unknown thread" [_thread_in_vm, id=4747, stack(0x00007f96cbb86000,0x00007f96cbd87000)]

Stack: [0x00007f96cbb86000,0x00007f96cbd87000],  sp=0x00007f96cbd85370,  free space=2044k
Native frames: (J=compiled Java code, j=interpreted, Vv=VM code, C=native code)
V  [libjvm.so+0xacb18a]  VMError::report_and_die()+0x2ba
V  [libjvm.so+0x4ff4db]  report_vm_out_of_memory(char const*, int, unsigned long, VMErrorType, char const*)+0x8b
V  [libjvm.so+0x927d23]  os::Linux::commit_memory_impl(char*, unsigned long, bool)+0x103
V  [libjvm.so+0x928279]  os::pd_commit_memory(char*, unsigned long, unsigned long, bool)+0x29
V  [libjvm.so+0x92249a]  os::commit_memory(char*, unsigned long, unsigned long, bool)+0x2a
V  [libjvm.so+0xac6ee9]  VirtualSpace::expand_by(unsigned long, bool)+0x199
V  [libjvm.so+0xac7a3e]  VirtualSpace::initialize(ReservedSpace, unsigned long)+0xee
V  [libjvm.so+0x5fdaa1]  CardGeneration::CardGeneration(ReservedSpace, unsigned long, int, GenRemSet*)+0xf1
V  [libjvm.so+0x4e8bae]  ConcurrentMarkSweepGeneration::ConcurrentMarkSweepGeneration(ReservedSpace, unsigned long, int, CardTableRS*, bool, FreeBlockDictionary<FreeChunk>::DictionaryChoice)+0x4e
V  [libjvm.so+0x5feb62]  GenerationSpec::init(ReservedSpace, int, GenRemSet*)+0xf2
V  [libjvm.so+0x5ed98e]  GenCollectedHeap::initialize()+0x1de
V  [libjvm.so+0xa93203]  Universe::initialize_heap()+0xf3
V  [libjvm.so+0xa9376e]  universe_init()+0x3e
V  [libjvm.so+0x640565]  init_globals()+0x65
V  [libjvm.so+0xa76e5e]  Threads::create_vm(JavaVMInitArgs*, bool*)+0x23e
V  [libjvm.so+0x6d4e64]  JNI_CreateJavaVM+0x74
C  [libjli.so+0x745e]  JavaMain+0x9e
C  [libpthread.so.0+0x76ba]  start_thread+0xca


---------------  P R O C E S S  ---------------

Java Threads: ( => current thread )

Other Threads:

=>0x00007f96c400a800 (exited) JavaThread "Unknown thread" [_thread_in_vm, id=4747, stack(0x00007f96cbb86000,0x00007f96cbd87000)]

VM state:not at safepoint (not fully initialized)

VM Mutex/Monitor currently owned by a thread: None

GC Heap History (0 events):
No events

Deoptimization events (0 events):
No events

Internal exceptions (0 events):
No events

Events (0 events):
No events


Dynamic libraries:
00400000-00401000 r-xp 00000000 fc:00 276079                             /usr/lib/jvm/java-8-oracle/bin/java
00600000-00601000 rw-p 00000000 fc:00 276079                             /usr/lib/jvm/java-8-oracle/bin/java
01076000-01097000 rw-p 00000000 00:00 0                                  [heap]
eb600000-f0930000 rw-p 00000000 00:00 0 
7f96b0000000-7f96b0021000 rw-p 00000000 00:00 0 
7f96b0021000-7f96b4000000 ---p 00000000 00:00 0 
7f96b5000000-7f96b5270000 rwxp 00000000 00:00 0 
7f96b5270000-7f96c4000000 ---p 00000000 00:00 0 
7f96c4000000-7f96c4038000 rw-p 00000000 00:00 0 
7f96c4038000-7f96c8000000 ---p 00000000 00:00 0 
7f96ca3a0000-7f96ca732000 rw-p 00000000 00:00 0 
7f96ca732000-7f96caae8000 ---p 00000000 00:00 0 
7f96caae8000-7f96cab02000 r-xp 00000000 fc:00 276186                     /usr/lib/jvm/java-8-oracle/jre/lib/amd64/libzip.so
7f96cab02000-7f96cad02000 ---p 0001a000 fc:00 276186                     /usr/lib/jvm/java-8-oracle/jre/lib/amd64/libzip.so
7f96cad02000-7f96cad03000 rw-p 0001a000 fc:00 276186                     /usr/lib/jvm/java-8-oracle/jre/lib/amd64/libzip.so
7f96cad03000-7f96cad0e000 r-xp 00000000 fc:00 10065                      /lib/x86_64-linux-gnu/libnss_files-2.23.so
7f96cad0e000-7f96caf0d000 ---p 0000b000 fc:00 10065                      /lib/x86_64-linux-gnu/libnss_files-2.23.so
7f96caf0d000-7f96caf0e000 r--p 0000a000 fc:00 10065                      /lib/x86_64-linux-gnu/libnss_files-2.23.so
7f96caf0e000-7f96caf0f000 rw-p 0000b000 fc:00 10065                      /lib/x86_64-linux-gnu/libnss_files-2.23.so
7f96caf0f000-7f96caf15000 rw-p 00000000 00:00 0 
7f96caf15000-7f96caf20000 r-xp 00000000 fc:00 10068                      /lib/x86_64-linux-gnu/libnss_nis-2.23.so
7f96caf20000-7f96cb11f000 ---p 0000b000 fc:00 10068                      /lib/x86_64-linux-gnu/libnss_nis-2.23.so
7f96cb11f000-7f96cb120000 r--p 0000a000 fc:00 10068                      /lib/x86_64-linux-gnu/libnss_nis-2.23.so
7f96cb120000-7f96cb121000 rw-p 0000b000 fc:00 10068                      /lib/x86_64-linux-gnu/libnss_nis-2.23.so
7f96cb121000-7f96cb137000 r-xp 00000000 fc:00 10061                      /lib/x86_64-linux-gnu/libnsl-2.23.so
7f96cb137000-7f96cb336000 ---p 00016000 fc:00 10061                      /lib/x86_64-linux-gnu/libnsl-2.23.so
7f96cb336000-7f96cb337000 r--p 00015000 fc:00 10061                      /lib/x86_64-linux-gnu/libnsl-2.23.so
7f96cb337000-7f96cb338000 rw-p 00016000 fc:00 10061                      /lib/x86_64-linux-gnu/libnsl-2.23.so
7f96cb338000-7f96cb33a000 rw-p 00000000 00:00 0 
7f96cb33a000-7f96cb342000 r-xp 00000000 fc:00 10074                      /lib/x86_64-linux-gnu/libnss_compat-2.23.so
7f96cb342000-7f96cb541000 ---p 00008000 fc:00 10074                      /lib/x86_64-linux-gnu/libnss_compat-2.23.so
7f96cb541000-7f96cb542000 r--p 00007000 fc:00 10074                      /lib/x86_64-linux-gnu/libnss_compat-2.23.so
7f96cb542000-7f96cb543000 rw-p 00008000 fc:00 10074                      /lib/x86_64-linux-gnu/libnss_compat-2.23.so
7f96cb543000-7f96cb56e000 r-xp 00000000 fc:00 276213                     /usr/lib/jvm/java-8-oracle/jre/lib/amd64/libjava.so
7f96cb56e000-7f96cb76d000 ---p 0002b000 fc:00 276213                     /usr/lib/jvm/java-8-oracle/jre/lib/amd64/libjava.so
7f96cb76d000-7f96cb76f000 rw-p 0002a000 fc:00 276213                     /usr/lib/jvm/java-8-oracle/jre/lib/amd64/libjava.so
7f96cb76f000-7f96cb77c000 r-xp 00000000 fc:00 276164                     /usr/lib/jvm/java-8-oracle/jre/lib/amd64/libverify.so
7f96cb77c000-7f96cb97c000 ---p 0000d000 fc:00 276164                     /usr/lib/jvm/java-8-oracle/jre/lib/amd64/libverify.so
7f96cb97c000-7f96cb97e000 rw-p 0000d000 fc:00 276164                     /usr/lib/jvm/java-8-oracle/jre/lib/amd64/libverify.so
7f96cb97e000-7f96cb985000 r-xp 00000000 fc:00 10070                      /lib/x86_64-linux-gnu/librt-2.23.so
7f96cb985000-7f96cbb84000 ---p 00007000 fc:00 10070                      /lib/x86_64-linux-gnu/librt-2.23.so
7f96cbb84000-7f96cbb85000 r--p 00006000 fc:00 10070                      /lib/x86_64-linux-gnu/librt-2.23.so
7f96cbb85000-7f96cbb86000 rw-p 00007000 fc:00 10070                      /lib/x86_64-linux-gnu/librt-2.23.so
7f96cbb86000-7f96cbb89000 ---p 00000000 00:00 0 
7f96cbb89000-7f96cbd87000 rw-p 00000000 00:00 0 
7f96cbd87000-7f96cbe8f000 r-xp 00000000 fc:00 10079                      /lib/x86_64-linux-gnu/libm-2.23.so
7f96cbe8f000-7f96cc08e000 ---p 00108000 fc:00 10079                      /lib/x86_64-linux-gnu/libm-2.23.so
7f96cc08e000-7f96cc08f000 r--p 00107000 fc:00 10079                      /lib/x86_64-linux-gnu/libm-2.23.so
7f96cc08f000-7f96cc090000 rw-p 00108000 fc:00 10079                      /lib/x86_64-linux-gnu/libm-2.23.so
7f96cc090000-7f96ccd63000 r-xp 00000000 fc:00 276217                     /usr/lib/jvm/java-8-oracle/jre/lib/amd64/server/libjvm.so
7f96ccd63000-7f96ccf62000 ---p 00cd3000 fc:00 276217                     /usr/lib/jvm/java-8-oracle/jre/lib/amd64/server/libjvm.so
7f96ccf62000-7f96cd03c000 rw-p 00cd2000 fc:00 276217                     /usr/lib/jvm/java-8-oracle/jre/lib/amd64/server/libjvm.so
7f96cd03c000-7f96cd087000 rw-p 00000000 00:00 0 
7f96cd087000-7f96cd247000 r-xp 00000000 fc:00 10084                      /lib/x86_64-linux-gnu/libc-2.23.so
7f96cd247000-7f96cd447000 ---p 001c0000 fc:00 10084                      /lib/x86_64-linux-gnu/libc-2.23.so
7f96cd447000-7f96cd44b000 r--p 001c0000 fc:00 10084                      /lib/x86_64-linux-gnu/libc-2.23.so
7f96cd44b000-7f96cd44d000 rw-p 001c4000 fc:00 10084                      /lib/x86_64-linux-gnu/libc-2.23.so
7f96cd44d000-7f96cd451000 rw-p 00000000 00:00 0 
7f96cd451000-7f96cd454000 r-xp 00000000 fc:00 10073                      /lib/x86_64-linux-gnu/libdl-2.23.so
7f96cd454000-7f96cd653000 ---p 00003000 fc:00 10073                      /lib/x86_64-linux-gnu/libdl-2.23.so
7f96cd653000-7f96cd654000 r--p 00002000 fc:00 10073                      /lib/x86_64-linux-gnu/libdl-2.23.so
7f96cd654000-7f96cd655000 rw-p 00003000 fc:00 10073                      /lib/x86_64-linux-gnu/libdl-2.23.so
7f96cd655000-7f96cd66a000 r-xp 00000000 fc:00 275298                     /usr/lib/jvm/java-8-oracle/lib/amd64/jli/libjli.so
7f96cd66a000-7f96cd86a000 ---p 00015000 fc:00 275298                     /usr/lib/jvm/java-8-oracle/lib/amd64/jli/libjli.so
7f96cd86a000-7f96cd86b000 rw-p 00015000 fc:00 275298                     /usr/lib/jvm/java-8-oracle/lib/amd64/jli/libjli.so
7f96cd86b000-7f96cd883000 r-xp 00000000 fc:00 10067                      /lib/x86_64-linux-gnu/libpthread-2.23.so
7f96cd883000-7f96cda82000 ---p 00018000 fc:00 10067                      /lib/x86_64-linux-gnu/libpthread-2.23.so
7f96cda82000-7f96cda83000 r--p 00017000 fc:00 10067                      /lib/x86_64-linux-gnu/libpthread-2.23.so
7f96cda83000-7f96cda84000 rw-p 00018000 fc:00 10067                      /lib/x86_64-linux-gnu/libpthread-2.23.so
7f96cda84000-7f96cda88000 rw-p 00000000 00:00 0 
7f96cda88000-7f96cdaae000 r-xp 00000000 fc:00 10062                      /lib/x86_64-linux-gnu/ld-2.23.so
7f96cdaf6000-7f96cdb20000 rw-p 00000000 00:00 0 
7f96cdb20000-7f96cdb9b000 ---p 00000000 00:00 0 
7f96cdb9b000-7f96cdb9c000 rw-p 00000000 00:00 0 
7f96cdb9c000-7f96cdb9d000 ---p 00000000 00:00 0 
7f96cdb9d000-7f96cdca1000 rw-p 00000000 00:00 0 
7f96cdca1000-7f96cdca9000 rw-s 00000000 fc:00 143358                     /tmp/hsperfdata_ubuntu/4731
7f96cdca9000-7f96cdcaa000 rw-p 00000000 00:00 0 
7f96cdcaa000-7f96cdcab000 r--p 00000000 00:00 0 
7f96cdcab000-7f96cdcad000 rw-p 00000000 00:00 0 
7f96cdcad000-7f96cdcae000 r--p 00025000 fc:00 10062                      /lib/x86_64-linux-gnu/ld-2.23.so
7f96cdcae000-7f96cdcaf000 rw-p 00026000 fc:00 10062                      /lib/x86_64-linux-gnu/ld-2.23.so
7f96cdcaf000-7f96cdcb0000 rw-p 00000000 00:00 0 
7ffd7e16f000-7ffd7e190000 rw-p 00000000 00:00 0                          [stack]
7ffd7e1ad000-7ffd7e1af000 r--p 00000000 00:00 0                          [vvar]
7ffd7e1af000-7ffd7e1b1000 r-xp 00000000 00:00 0                          [vdso]
ffffffffff600000-ffffffffff601000 r-xp 00000000 00:00 0                  [vsyscall]

VM Arguments:
jvm_args: -XX:+UseParNewGC -XX:+UseConcMarkSweepGC -XX:CMSInitiatingOccupancyFraction=75 -XX:+UseCMSInitiatingOccupancyOnly -XX:+DisableExplicitGC -Djava.awt.headless=true -Dfile.encoding=UTF-8 -XX:+HeapDumpOnOutOfMemoryError -Xmx330m -Xms330m -Xss2048k -Djffi.boot.library.path=/usr/share/logstash/vendor/jruby/lib/jni -Xbootclasspath/a:/usr/share/logstash/vendor/jruby/lib/jruby.jar -Djruby.home=/usr/share/logstash/vendor/jruby -Djruby.lib=/usr/share/logstash/vendor/jruby/lib -Djruby.script=jruby -Djruby.shell=/bin/sh 
java_command: org.jruby.Main /usr/share/logstash/lib/bootstrap/environment.rb logstash/runner.rb -f /home/ubuntu/elk_hello_world/wwp_all_csv_2.conf --allow-env
java_class_path (initial): :
Launcher Type: SUN_STANDARD

Environment Variables:
JAVA_HOME=/usr/lib/jvm/java-8-oracle
PATH=/home/ubuntu/bin:/home/ubuntu/.local/bin:/home/ubuntu/bin:/home/ubuntu/.local/bin:/usr/local/sbin:/usr/local/bin:/usr/sbin:/usr/bin:/sbin:/bin:/usr/games:/usr/local/games:/snap/bin:/usr/local/bin/consul
SHELL=/bin/bash

Signal Handlers:
SIGSEGV: [libjvm.so+0xacba10], sa_mask[0]=11111111011111111101111111111110, sa_flags=SA_RESTART|SA_SIGINFO
SIGBUS: [libjvm.so+0xacba10], sa_mask[0]=11111111011111111101111111111110, sa_flags=SA_RESTART|SA_SIGINFO
SIGFPE: [libjvm.so+0x924ba0], sa_mask[0]=11111111011111111101111111111110, sa_flags=SA_RESTART|SA_SIGINFO
SIGPIPE: [libjvm.so+0x924ba0], sa_mask[0]=11111111011111111101111111111110, sa_flags=SA_RESTART|SA_SIGINFO
SIGXFSZ: [libjvm.so+0x924ba0], sa_mask[0]=11111111011111111101111111111110, sa_flags=SA_RESTART|SA_SIGINFO
SIGILL: [libjvm.so+0x924ba0], sa_mask[0]=11111111011111111101111111111110, sa_flags=SA_RESTART|SA_SIGINFO
SIGUSR1: SIG_DFL, sa_mask[0]=00000000000000000000000000000000, sa_flags=none
SIGUSR2: [libjvm.so+0x9263e0], sa_mask[0]=00000000000000000000000000000000, sa_flags=SA_RESTART|SA_SIGINFO
SIGHUP: SIG_DFL, sa_mask[0]=00000000000000000000000000000000, sa_flags=none
SIGINT: SIG_DFL, sa_mask[0]=00000000000000000000000000000000, sa_flags=none
SIGTERM: SIG_DFL, sa_mask[0]=00000000000000000000000000000000, sa_flags=none
SIGQUIT: SIG_DFL, sa_mask[0]=00000000000000000000000000000000, sa_flags=none


---------------  S Y S T E M  ---------------

OS:DISTRIB_ID=Ubuntu
DISTRIB_RELEASE=16.04
DISTRIB_CODENAME=xenial
DISTRIB_DESCRIPTION="Ubuntu 16.04.3 LTS"

uname:Linux 4.4.0-92-generic #115-Ubuntu SMP Thu Aug 10 09:04:33 UTC 2017 x86_64
libc:glibc 2.23 NPTL 2.23 
rlimit: STACK 8192k, CORE 0k, NPROC 2731, NOFILE 1048576, AS infinity
load average:3.28 2.74 1.37

/proc/meminfo:
MemTotal:         739548 kB
MemFree:           51880 kB
MemAvailable:      27348 kB
Buffers:            6132 kB
Cached:            44012 kB
SwapCached:        10340 kB
Active:           332928 kB
Inactive:         299812 kB
Active(anon):     305260 kB
Inactive(anon):   280308 kB
Active(file):      27668 kB
Inactive(file):    19504 kB
Unevictable:        3660 kB
Mlocked:            3660 kB
SwapTotal:        524284 kB
SwapFree:         134244 kB
Dirty:              1740 kB
Writeback:             0 kB
AnonPages:        576112 kB
Mapped:            26952 kB
Shmem:               528 kB
Slab:              27116 kB
SReclaimable:      13196 kB
SUnreclaim:        13920 kB
KernelStack:        3328 kB
PageTables:         6312 kB
NFS_Unstable:          0 kB
Bounce:                0 kB
WritebackTmp:          0 kB
CommitLimit:      894056 kB
Committed_AS:    1613068 kB
VmallocTotal:   34359738367 kB
VmallocUsed:           0 kB
VmallocChunk:          0 kB
HardwareCorrupted:     0 kB
AnonHugePages:    186368 kB
CmaTotal:              0 kB
CmaFree:               0 kB
HugePages_Total:       0
HugePages_Free:        0
HugePages_Rsvd:        0
HugePages_Surp:        0
Hugepagesize:       2048 kB
DirectMap4k:       49024 kB
DirectMap2M:      718848 kB


CPU:total 1 (initial active 1) (1 cores per cpu, 1 threads per core) family 15 model 6 stepping 1, cmov, cx8, fxsr, mmx, sse, sse2, sse3, tsc

/proc/cpuinfo:
processor	: 0
vendor_id	: GenuineIntel
cpu family	: 15
model		: 6
model name	: Common KVM processor
stepping	: 1
microcode	: 0x1
cpu MHz		: 2393.998
cache size	: 4096 KB
physical id	: 0
siblings	: 1
core id		: 0
cpu cores	: 1
apicid		: 0
initial apicid	: 0
fpu		: yes
fpu_exception	: yes
cpuid level	: 13
wp		: yes
flags		: fpu vme de pse tsc msr pae mce cx8 apic sep mtrr pge mca cmov pat pse36 clflush mmx fxsr sse sse2 syscall nx lm constant_tsc nopl xtopology pni cx16 x2apic hypervisor lahf_lm
bugs		:
bogomips	: 4787.99
clflush size	: 64
cache_alignment	: 128
address sizes	: 40 bits physical, 48 bits virtual
power management:



Memory: 4k page, physical 739548k(51880k free), swap 524284k(134244k free)

vm_info: Java HotSpot(TM) 64-Bit Server VM (25.144-b01) for linux-amd64 JRE (1.8.0_144-b01), built on Jul 21 2017 21:57:33 by "java_re" with gcc 4.3.0 20080428 (Red Hat 4.3.0-8)

time: Mon Aug 21 21:26:38 2017
elapsed time: 1 seconds (0d 0h 0m 1s)

