2017-07-25 10:08:17,839 - root - ERROR - callista - generate - Could not start Apache in 0:01:30
2017-07-25 10:09:50,147 - root - ERROR - cclab - generate - Could not start Apache in 0:01:30
2017-07-25 10:11:22,914 - root - ERROR - fsl - generate - Could not start Apache in 0:01:30
2017-07-25 10:12:55,503 - root - ERROR - gcb - generate - Could not start Apache in 0:01:30
2017-07-25 10:14:27,664 - root - ERROR - espace - generate - Could not start Apache in 0:01:30
2017-07-25 10:16:00,086 - root - ERROR - chd - generate - Could not start Apache in 0:01:30
2017-07-25 10:17:32,157 - root - ERROR - dualt - generate - Could not start Apache in 0:01:30
2017-07-25 10:19:04,116 - root - ERROR - help-memento - generate - Could not start Apache in 0:01:30
2017-07-25 10:20:36,706 - root - ERROR - ethique - generate - Could not start Apache in 0:01:30
2017-07-25 10:22:09,359 - root - ERROR - idap - generate - Could not start Apache in 0:01:30
2017-07-25 10:53:45,281 - root - ERROR - fsb - WP export - media failed: 400 Bad Request : [rest_upload_no_data] No data supplied.
2017-07-25 10:53:45,465 - root - ERROR - fsb - WP export - media failed: 400 Bad Request : [rest_upload_no_data] No data supplied.
2017-07-25 10:53:50,448 - root - ERROR - fsb - WP export - media failed: 400 Bad Request : [rest_upload_no_data] No data supplied.
2017-07-25 10:55:25,681 - root - ERROR - fsb - WP export - media failed: 400 Bad Request : [rest_upload_no_data] No data supplied.
2017-07-25 10:55:25,850 - root - ERROR - fsb - WP export - media failed: 400 Bad Request : [rest_upload_no_data] No data supplied.
2017-07-25 10:55:25,971 - root - ERROR - fsb - WP export - media failed: 400 Bad Request : [rest_upload_no_data] No data supplied.
2017-07-25 10:55:26,100 - root - ERROR - fsb - WP export - media failed: 400 Bad Request : [rest_upload_no_data] No data supplied.
2017-07-25 10:56:23,710 - root - ERROR - fsb - WP export - media failed: 400 Bad Request : [rest_upload_no_data] No data supplied.
2017-07-25 10:56:23,811 - root - ERROR - fsb - WP export - media failed: 400 Bad Request : [rest_upload_no_data] No data supplied.
2017-07-25 10:56:28,773 - root - ERROR - fsb - WP export - media failed: 400 Bad Request : [rest_upload_no_content_disposition] No Content-Disposition supplied.
2017-07-25 10:56:29,010 - root - ERROR - fsb - WP export - media failed: 400 Bad Request : [rest_upload_no_content_disposition] No Content-Disposition supplied.
2017-07-25 10:56:29,235 - root - ERROR - fsb - WP export - media failed: 400 Bad Request : [rest_upload_no_content_disposition] No Content-Disposition supplied.
2017-07-25 11:02:25,095 - root - ERROR - fsb - WP export - media failed: 500 Internal Server Error : [rest_upload_unknown_error] Sorry, this file type is not permitted for security reasons.
2017-07-25 11:03:12,170 - root - ERROR - fsb - WP export - media failed: 500 Internal Server Error : [rest_upload_unknown_error] Sorry, this file type is not permitted for security reasons.
2017-07-25 11:05:05,489 - root - ERROR - fsb - WP export - media failed: 400 Bad Request : [rest_upload_no_content_disposition] No Content-Disposition supplied.
2017-07-25 11:07:28,564 - root - ERROR - fsb - WP export - media failed: 500 Internal Server Error : [rest_upload_unknown_error] Sorry, this file type is not permitted for security reasons.
2017-07-25 11:07:28,660 - root - ERROR - fsb - WP export - media failed: 500 Internal Server Error : [rest_upload_unknown_error] Sorry, this file type is not permitted for security reasons.
2017-07-25 11:07:57,145 - root - ERROR - fsb - WP export - media failed: 400 Bad Request : [rest_upload_no_data] No data supplied.
2017-07-25 11:08:01,866 - root - ERROR - fsb - WP export - media failed: 400 Bad Request : [rest_upload_no_data] No data supplied.
2017-07-25 11:08:01,957 - root - ERROR - fsb - WP export - media failed: 400 Bad Request : [rest_upload_no_data] No data supplied.
2017-07-25 11:08:16,430 - root - ERROR - fsb - WP export - media failed: 400 Bad Request : [rest_upload_no_data] No data supplied.
2017-07-25 11:08:30,860 - root - ERROR - fsb - WP export - media failed: 400 Bad Request : [rest_upload_no_data] No data supplied.
2017-07-25 11:08:30,947 - root - ERROR - fsb - WP export - media failed: 400 Bad Request : [rest_upload_no_data] No data supplied.
2017-07-25 11:08:31,037 - root - ERROR - fsb - WP export - media failed: 400 Bad Request : [rest_upload_no_data] No data supplied.
2017-07-25 11:08:35,873 - root - ERROR - fsb - WP export - media failed: 400 Bad Request : [rest_upload_no_data] No data supplied.
2017-07-25 11:08:35,962 - root - ERROR - fsb - WP export - media failed: 400 Bad Request : [rest_upload_no_data] No data supplied.
2017-07-25 11:08:59,956 - root - ERROR - fsb - WP export - media failed: 400 Bad Request : [rest_upload_no_data] No data supplied.
2017-07-25 11:09:14,156 - root - ERROR - fsb - WP export - media failed: 400 Bad Request : [rest_upload_no_data] No data supplied.
2017-07-25 11:09:14,254 - root - ERROR - fsb - WP export - media failed: 500 Internal Server Error : [rest_upload_unknown_error] Sorry, this file type is not permitted for security reasons.
2017-07-25 11:09:14,345 - root - ERROR - fsb - WP export - media failed: 400 Bad Request : [rest_upload_no_data] No data supplied.
2017-07-25 11:09:14,431 - root - ERROR - fsb - WP export - media failed: 400 Bad Request : [rest_upload_no_data] No data supplied.
2017-07-25 11:09:14,525 - root - ERROR - fsb - WP export - media failed: 400 Bad Request : [rest_upload_no_data] No data supplied.
2017-07-25 11:09:57,538 - root - ERROR - fsb - WP export - media failed: 400 Bad Request : [rest_upload_no_data] No data supplied.
2017-07-25 11:09:57,631 - root - ERROR - fsb - WP export - media failed: 400 Bad Request : [rest_upload_no_data] No data supplied.
2017-07-25 11:09:57,743 - root - ERROR - fsb - WP export - media failed: 400 Bad Request : [rest_upload_no_data] No data supplied.
2017-07-25 11:10:02,485 - root - ERROR - fsb - WP export - media failed: 400 Bad Request : [rest_upload_no_data] No data supplied.
2017-07-25 11:10:02,608 - root - ERROR - fsb - WP export - media failed: 400 Bad Request : [rest_upload_no_data] No data supplied.
2017-07-25 11:10:02,717 - root - ERROR - fsb - WP export - media failed: 400 Bad Request : [rest_upload_no_data] No data supplied.
2017-07-25 11:10:07,469 - root - ERROR - fsb - WP export - media failed: 400 Bad Request : [rest_upload_no_data] No data supplied.
2017-07-25 11:14:05,931 - root - ERROR - fsb - WP export - media failed: 500 Internal Server Error : [rest_upload_unknown_error] Sorry, this file type is not permitted for security reasons.
