358,http://limnc.epfl.ch,http://qa2-web-wordpress.epfl.ch/v1-testwp/limnc,Mac OS,Chrome,0,2017-08-09_15:16:04,47,Jennifer,Limagraf,STARTED
298,http://lammm.epfl.ch/,http://qa1-web-wordpress.epfl.ch/v1-testwp/lammm,Windows,Chrome,0,2017-08-09_15:12:48,48,Sijing,Huang,STARTED
49,http://bluebrain.epfl.ch,http://qa1-web-wordpress.epfl.ch/v1-testwp/bluebrain,Windows,Chrome,0,2017-08-09_15:10:30,50,Pablo,Mercadodelrio,STARTED
191,http://formation.epfl.ch,http://qa1-web-wordpress.epfl.ch/v1-testwp/formation,Mac OS,Chrome,0,2017-08-09_15:10:26,43,Jérôme,Brender,STARTED
637,http://vpi.epfl.ch,http://qa2-web-wordpress.epfl.ch/v1-testwp/vpiv,Windows,Chrome,0,2017-08-09_14:53:34,40,Emmanuel,Barriol,STARTED
86,http://clubmontagne.epfl.ch,http://qa1-web-wordpress.epfl.ch/v1-testwp/clubmontagne,Windows,Chrome,0,2017-08-09_14:50:03,50,Pablo,Mercadodelrio,STARTED
353,http://lgc.epfl.ch,http://qa2-web-wordpress.epfl.ch/v1-testwp/lgc,Windows,Chrome,0,2017-08-09_14:40:58,40,Emmanuel,Barriol,STARTED
281,http://is-academia.epfl.ch,http://qa1-web-wordpress.epfl.ch/v1-testwp/isacademia,Mac OS,Chrome,0,2017-08-09_14:34:50,36,Theo,Bortolon,STARTED
209,http://geom.epfl.ch,http://qa1-web-wordpress.epfl.ch/v1-testwp/geom,Windows,Chrome,0,2017-08-09_14:25:38,40,Emmanuel,Barriol,STARTED
284,http://ivrl.epfl.ch,http://qa1-web-wordpress.epfl.ch/v1-testwp/ivrg,Windows,Chrome,0,2017-08-09_14:17:12,40,Emmanuel,Barriol,STARTED
55,http://cag.epfl.ch,http://qa1-web-wordpress.epfl.ch/v1-testwp/cag2,Windows,Chrome,0,2017-08-09_14:04:41,50,Pablo,Mercadodelrio,STARTED
249,http://ic.epfl.ch,http://qa1-web-wordpress.epfl.ch/v1-testwp/ic,Mac OS,Chrome,0,2017-08-09_13:54:00,36,Theo,Bortolon,STARTED
92,http://cns.epfl.ch,http://qa1-web-wordpress.epfl.ch/v1-testwp/cns,Mac OS,Chrome,0,2017-08-09_13:45:23,47,Jennifer,Limagraf,STARTED
301,http://lanes.epfl.ch,http://qa1-web-wordpress.epfl.ch/v1-testwp/lanes,Mac OS,Chrome,0,2017-08-09_13:44:20,36,Theo,Bortolon,STARTED
53,http://bubbles.epfl.ch,http://qa1-web-wordpress.epfl.ch/v1-testwp/bubbles,Mac OS,Chrome,0,2017-08-09_13:41:17,47,Jennifer,Limagraf,STARTED
546,http://rfic.epfl.ch,http://qa2-web-wordpress.epfl.ch/v1-testwp/rfic,Mac OS,Chrome,0,2017-08-09_13:36:54,47,Jennifer,Limagraf,STARTED
476,http://mot.epfl.ch,http://qa2-web-wordpress.epfl.ch/v1-testwp/mot,Mac OS,Chrome,0,2017-08-09_13:32:00,47,Jennifer,Limagraf,STARTED
131,http://disal.epfl.ch,http://qa1-web-wordpress.epfl.ch/v1-testwp/disal2,Mac OS,Chrome,0,2017-08-09_13:27:41,47,Jennifer,Limagraf,STARTED
75,http://cga.epfl.ch,http://qa1-web-wordpress.epfl.ch/v1-testwp/cag,Mac OS,Chrome,0,2017-08-09_13:26:39,36,Theo,Bortolon,STARTED
647,http://www.fix-the-leaky-pipeline.ch,http://qa1-web-wordpress.epfl.ch/v1-testwp/fix-the-leaky-pipeline,Mac OS,Chrome,0,2017-08-09_13:26:29,36,Theo,Bortolon,STARTED
298,http://lammm.epfl.ch/,http://qa1-web-wordpress.epfl.ch/v1-testwp/lammm,Mac OS,Chrome,0,2017-08-09_13:24:20,47,Jennifer,Limagraf,STARTED
401,http://lpmv.epfl.ch,http://qa2-web-wordpress.epfl.ch/v1-testwp/lpmv,Windows,Chrome,0,2017-08-09_13:23:12,40,Emmanuel,Barriol,STARTED
15,http://aegel.epfl.ch,http://qa1-web-wordpress.epfl.ch/v1-testwp/aegel,Windows,Chrome,0,2017-08-09_13:21:25,40,Emmanuel,Barriol,STARTED
49,http://bluebrain.epfl.ch,http://qa1-web-wordpress.epfl.ch/v1-testwp/bluebrain,Mac OS,Chrome,0,2017-08-09_13:21:17,36,Theo,Bortolon,STARTED
637,http://vpi.epfl.ch,http://qa2-web-wordpress.epfl.ch/v1-testwp/vpiv,Mac OS,Chrome,0,2017-08-09_13:20:40,36,Theo,Bortolon,STARTED
496,http://ogif.epfl.ch,http://qa2-web-wordpress.epfl.ch/v1-testwp/ogif,Windows,Chrome,0,2017-08-09_13:10:53,50,Pablo,Mercadodelrio,STARTED
348,http://leso.epfl.ch,http://qa2-web-wordpress.epfl.ch/v1-testwp/leso,Windows,Chrome,0,2017-08-09_13:09:34,50,Pablo,Mercadodelrio,STARTED
91,http://cnpa.epfl.ch,http://qa1-web-wordpress.epfl.ch/v1-testwp/cnpa,Windows,Chrome,0,2017-08-09_13:09:01,50,Pablo,Mercadodelrio,STARTED
57,http://cama.epfl.ch,http://qa1-web-wordpress.epfl.ch/v1-testwp/cama,Windows,Chrome,0,2017-08-09_13:06:51,40,Emmanuel,Barriol,STARTED
371,http://lmce.epfl.ch,http://qa2-web-wordpress.epfl.ch/v1-testwp/lmce,Windows,Chrome,0,2017-08-09_13:04:17,50,Pablo,Mercadodelrio,STARTED
86,http://clubmontagne.epfl.ch,http://qa1-web-wordpress.epfl.ch/v1-testwp/clubmontagne,Mac OS,Chrome,0,2017-08-09_13:04:11,47,Jennifer,Limagraf,STARTED
138,http://dynamic.epfl.ch,http://qa1-web-wordpress.epfl.ch/v1-testwp/dynamic,Windows,Chrome,0,2017-08-09_12:55:10,40,Emmanuel,Barriol,STARTED
353,http://lgc.epfl.ch,http://qa2-web-wordpress.epfl.ch/v1-testwp/lgc,Mac OS,Chrome,0,2017-08-09_12:48:13,43,Jérôme,Brender,STARTED
419,http://lsens.epfl.ch,http://qa2-web-wordpress.epfl.ch/v1-testwp/lsens,Windows,Chrome,0,2017-08-09_12:44:06,40,Emmanuel,Barriol,STARTED
209,http://geom.epfl.ch,http://qa1-web-wordpress.epfl.ch/v1-testwp/geom,Mac OS,Chrome,0,2017-08-09_12:35:48,43,Jérôme,Brender,STARTED
284,http://ivrl.epfl.ch,http://qa1-web-wordpress.epfl.ch/v1-testwp/ivrg,Mac OS,Chrome,0,2017-08-09_12:23:23,43,Jérôme,Brender,STARTED
55,http://cag.epfl.ch,http://qa1-web-wordpress.epfl.ch/v1-testwp/cag2,Mac OS,Chrome,0,2017-08-09_12:20:03,43,Jérôme,Brender,STARTED
401,http://lpmv.epfl.ch,http://qa2-web-wordpress.epfl.ch/v1-testwp/lpmv,Mac OS,Chrome,0,2017-08-09_12:10:31,47,Jennifer,Limagraf,STARTED
15,http://aegel.epfl.ch,http://qa1-web-wordpress.epfl.ch/v1-testwp/aegel,Mac OS,Chrome,0,2017-08-09_12:10:01,47,Jennifer,Limagraf,STARTED
447,http://macline.epfl.ch,http://qa2-web-wordpress.epfl.ch/v1-testwp/macline,Windows,Chrome,0,2017-08-09_12:09:34,40,Emmanuel,Barriol,STARTED
496,http://ogif.epfl.ch,http://qa2-web-wordpress.epfl.ch/v1-testwp/ogif,Mac OS,Chrome,0,2017-08-09_11:55:44,47,Jennifer,Limagraf,STARTED
348,http://leso.epfl.ch,http://qa2-web-wordpress.epfl.ch/v1-testwp/leso,Mac OS,Chrome,0,2017-08-09_11:38:35,43,Jérôme,Brender,STARTED
91,http://cnpa.epfl.ch,http://qa1-web-wordpress.epfl.ch/v1-testwp/cnpa,Mac OS,Chrome,0,2017-08-09_11:23:23,43,Jérôme,Brender,STARTED
57,http://cama.epfl.ch,http://qa1-web-wordpress.epfl.ch/v1-testwp/cama,Mac OS,Chrome,0,2017-08-09_11:19:00,47,Jennifer,Limagraf,STARTED
371,http://lmce.epfl.ch,http://qa2-web-wordpress.epfl.ch/v1-testwp/lmce,Mac OS,Chrome,0,2017-08-09_11:11:15,43,Jérôme,Brender,STARTED
333,http://lcs.epfl.ch,http://qa2-web-wordpress.epfl.ch/v1-testwp/lcs,Mac OS,Safari,0,2017-08-09_10:45:38,47,Jennifer,Limagraf,STARTED
138,http://dynamic.epfl.ch,http://qa1-web-wordpress.epfl.ch/v1-testwp/dynamic,Mac OS,Chrome,0,2017-08-09_10:39:01,18,Joel,Fonseca,STARTED
331,http://lcpm.epfl.ch,http://qa2-web-wordpress.epfl.ch/v1-testwp/lcpm,Windows,Chrome,0,2017-08-09_10:38:59,40,Emmanuel,Barriol,STARTED
333,http://lcs.epfl.ch,http://qa2-web-wordpress.epfl.ch/v1-testwp/lcs,Windows,Chrome,0,2017-08-09_10:38:33,40,Emmanuel,Barriol,STARTED
419,http://lsens.epfl.ch,http://qa2-web-wordpress.epfl.ch/v1-testwp/lsens,Mac OS,Chrome,0,2017-08-09_10:36:47,47,Jennifer,Limagraf,STARTED
447,http://macline.epfl.ch,http://qa2-web-wordpress.epfl.ch/v1-testwp/macline,Mac OS,Chrome,0,2017-08-09_10:34:38,43,Jérôme,Brender,STARTED
331,http://lcpm.epfl.ch,http://qa2-web-wordpress.epfl.ch/v1-testwp/lcpm,Mac OS,Chrome,0,2017-08-09_10:28:51,36,Theo,Bortolon,STARTED
333,http://lcs.epfl.ch,http://qa2-web-wordpress.epfl.ch/v1-testwp/lcs,Mac OS,Chrome,0,2017-08-09_10:25:50,47,Jennifer,Limagraf,STARTED
