#
# There is insufficient memory for the Java Runtime Environment to continue.
# Native memory allocation (mmap) failed to map 12615680 bytes for committing reserved memory.
# Possible reasons:
#   The system is out of physical RAM or swap space
#   In 32 bit mode, the process size limit was hit
# Possible solutions:
#   Reduce memory load on the system
#   Increase physical memory or swap space
#   Check if swap backing store is full
#   Use 64 bit Java on a 64 bit OS
#   Decrease Java heap size (-Xmx/-Xms)
#   Decrease number of Java threads
#   Decrease Java thread stack sizes (-Xss)
#   Set larger code cache with -XX:ReservedCodeCacheSize=
# This output file may be truncated or incomplete.
#
#  Out of Memory Error (os_linux.cpp:2640), pid=6934, tid=0x00007f9d308d0700
#
# JRE version: Java(TM) SE Runtime Environment (8.0_144-b01) (build 1.8.0_144-b01)
# Java VM: Java HotSpot(TM) 64-Bit Server VM (25.144-b01 mixed mode linux-amd64 compressed oops)
# Failed to write core dump. Core dumps have been disabled. To enable core dumping, try "ulimit -c unlimited" before starting Java again
#

---------------  T H R E A D  ---------------

Current thread (0x00007f9d2c03e800):  ConcurrentGCThread [stack: 0x00007f9d307d0000,0x00007f9d308d1000] [id=6949]

Stack: [0x00007f9d307d0000,0x00007f9d308d1000],  sp=0x00007f9d308cf500,  free space=1021k
Native frames: (J=compiled Java code, j=interpreted, Vv=VM code, C=native code)
V  [libjvm.so+0xacb18a]  VMError::report_and_die()+0x2ba
V  [libjvm.so+0x4ff4db]  report_vm_out_of_memory(char const*, int, unsigned long, VMErrorType, char const*)+0x8b
V  [libjvm.so+0x927d23]  os::Linux::commit_memory_impl(char*, unsigned long, bool)+0x103
V  [libjvm.so+0x928279]  os::pd_commit_memory(char*, unsigned long, unsigned long, bool)+0x29
V  [libjvm.so+0x92249a]  os::commit_memory(char*, unsigned long, unsigned long, bool)+0x2a
V  [libjvm.so+0xac6ee9]  VirtualSpace::expand_by(unsigned long, bool)+0x199
V  [libjvm.so+0x4d3b79]  ConcurrentMarkSweepGeneration::grow_by(unsigned long)+0x29
V  [libjvm.so+0x5fcfaf]  CardGeneration::expand(unsigned long, unsigned long)+0x6f
V  [libjvm.so+0x4d5537]  ConcurrentMarkSweepGeneration::compute_new_size_free_list()+0x107
V  [libjvm.so+0x4eafd3]  CMSCollector::collect_in_background(bool, GCCause::Cause)+0x903
V  [libjvm.so+0x4ece81]  ConcurrentMarkSweepThread::run()+0x271
V  [libjvm.so+0x92a338]  java_start(Thread*)+0x108


---------------  P R O C E S S  ---------------

Java Threads: ( => current thread )
  0x00007f9d1423e000 JavaThread "Ruby-0-Thread-8: /opt/logstash/vendor/bundle/jruby/1.9/gems/logstash-core-2.3.4-java/lib/logstash/pipeline.rb:444" daemon [_thread_in_vm, id=7185, stack(0x00007f9cf8d51000,0x00007f9cf8f52000)]
  0x00007f9d1423d000 JavaThread "[main]>worker0" daemon [_thread_blocked, id=7184, stack(0x00007f9cf8f52000,0x00007f9cf9153000)]
  0x00007f9d1424e800 JavaThread "Ruby-0-Thread-6: /opt/logstash/vendor/bundle/jruby/1.9/gems/logstash-output-elasticsearch-2.7.1-java/lib/logstash/outputs/elasticsearch/buffer.rb:78" daemon [_thread_in_vm, id=7173, stack(0x00007f9cf9153000,0x00007f9cf9354000)]
  0x00007f9d1403c000 JavaThread "[main]<file" daemon [_thread_in_vm, id=7122, stack(0x00007f9cf9754000,0x00007f9cf9955000)]
  0x00007f9d0c0e2000 JavaThread "pipeline.main" daemon [_thread_blocked, id=7101, stack(0x00007f9cf9955000,0x00007f9cf9b56000)]
  0x00007f9d2c5ce000 JavaThread "Ruby-0-Thread-2: /opt/logstash/vendor/bundle/jruby/1.9/gems/stud-0.0.22/lib/stud/task.rb:22" daemon [_thread_in_vm, id=6993, stack(0x00007f9cf9d56000,0x00007f9cf9f57000)]
  0x00007f9d2c5ca000 JavaThread "ReferenceReaper" daemon [_thread_blocked, id=6992, stack(0x00007f9cf9f57000,0x00007f9cfa158000)]
  0x00007f9d2c105800 JavaThread "Service Thread" daemon [_thread_blocked, id=6957, stack(0x00007f9d18e6f000,0x00007f9d19070000)]
  0x00007f9d2c0f8000 JavaThread "C1 CompilerThread1" daemon [_thread_in_vm, id=6956, stack(0x00007f9d19070000,0x00007f9d19171000)]
  0x00007f9d2c0f6000 JavaThread "C2 CompilerThread0" daemon [_thread_in_native, id=6955, stack(0x00007f9d19171000,0x00007f9d19272000)]
  0x00007f9d2c0f4000 JavaThread "Signal Dispatcher" daemon [_thread_blocked, id=6954, stack(0x00007f9d19272000,0x00007f9d19473000)]
  0x00007f9d2c0f2800 JavaThread "Surrogate Locker Thread (Concurrent GC)" daemon [_thread_blocked, id=6953, stack(0x00007f9d19473000,0x00007f9d19674000)]
  0x00007f9d2c0bf000 JavaThread "Finalizer" daemon [_thread_blocked, id=6952, stack(0x00007f9d3002e000,0x00007f9d3022f000)]
  0x00007f9d2c0ba800 JavaThread "Reference Handler" daemon [_thread_blocked, id=6951, stack(0x00007f9d3022f000,0x00007f9d30430000)]
  0x00007f9d2c00a800 JavaThread "LogStash::Runner" [_thread_blocked, id=6947, stack(0x00007f9d32309000,0x00007f9d3250a000)]

Other Threads:
  0x00007f9d2c0b3000 VMThread [stack: 0x00007f9d30430000,0x00007f9d30531000] [id=6950]
  0x00007f9d2c108800 WatcherThread [stack: 0x00007f9d18d6e000,0x00007f9d18e6f000] [id=6958]

=>0x00007f9d2c03e800 (exited) ConcurrentGCThread [stack: 0x00007f9d307d0000,0x00007f9d308d1000] [id=6949]

VM state:not at safepoint (normal execution)

VM Mutex/Monitor currently owned by a thread:  ([mutex/lock_event])
[0x00007f9d2c007200] Heap_lock - owner thread: 0x00007f9d2c03e800

Heap:
 par new generation   total 3712K, used 3116K [0x00000000c0000000, 0x00000000c0400000, 0x00000000c5330000)
  eden space 3328K,  84% used [0x00000000c0000000, 0x00000000c02bdc60, 0x00000000c0340000)
  from space 384K,  80% used [0x00000000c03a0000, 0x00000000c03ed550, 0x00000000c0400000)
  to   space 384K,   0% used [0x00000000c0340000, 0x00000000c0340000, 0x00000000c03a0000)
 concurrent mark-sweep generation total 67812K, used 48078K [0x00000000c5330000, 0x00000000c9569000, 0x0000000100000000)
 Metaspace       used 43621K, capacity 45758K, committed 45948K, reserved 1087488K
  class space    used 7409K, capacity 8040K, committed 8064K, reserved 1048576K

Card table byte_map: [0x00007f9d30caa000,0x00007f9d30eab000] byte_map_base: 0x00007f9d306aa000

Marking Bits: (CMSBitMap*) 0x00007f9d2c03d688
 Bits: [0x00007f9d1c14c000, 0x00007f9d1cfff400)

Mod Union Table: (CMSBitMap*) 0x00007f9d2c03d748
 Bits: [0x00007f9d342e4000, 0x00007f9d3431ecd0)

Polling page: 0x00007f9d3442d000

CodeCache: size=245760Kb used=17184Kb max_used=17202Kb free=228575Kb
 bounds [0x00007f9d1d000000, 0x00007f9d1e0f0000, 0x00007f9d2c000000]
 total_blobs=6341 nmethods=5737 adapters=518
 compilation: enabled

Compilation events (10 events):
Event: 1215.564 Thread 0x00007f9d2c0f8000 nmethod 7134 0x00007f9d1e0a71d0 code [0x00007f9d1e0a7320, 0x00007f9d1e0a7430]
Event: 1256.415 Thread 0x00007f9d2c0f8000 7148       3       org.jruby.runtime.Interpreted19Block::call (20 bytes)
Event: 1268.257 Thread 0x00007f9d2c0f8000 nmethod 7148 0x00007f9d1e0e2790 code [0x00007f9d1e0e2940, 0x00007f9d1e0e2f70]
Event: 1268.976 Thread 0x00007f9d2c0f8000 7158       1       org.jruby.ast.executable.RuntimeCache::getScope (7 bytes)
Event: 1277.997 Thread 0x00007f9d2c0f8000 nmethod 7158 0x00007f9d1d9dc610 code [0x00007f9d1d9dc760, 0x00007f9d1d9dc890]
Event: 1279.545 Thread 0x00007f9d2c0f8000 7095       3       org.joda.time.chrono.BasicGJChronology::setYear (81 bytes)
Event: 1298.983 Thread 0x00007f9d2c0f8000 nmethod 7095 0x00007f9d1dd6bf10 code [0x00007f9d1dd6c140, 0x00007f9d1dd6cf78]
Event: 1299.712 Thread 0x00007f9d2c0f8000 7094       3       org.joda.time.chrono.BasicYearDateTimeField::set (29 bytes)
Event: 1313.486 Thread 0x00007f9d2c0f8000 nmethod 7094 0x00007f9d1dfe6590 code [0x00007f9d1dfe6780, 0x00007f9d1dfe6dd8]
Event: 1314.461 Thread 0x00007f9d2c0f8000 7096       3       org.joda.time.base.BaseDateTime::<init> (69 bytes)

GC Heap History (10 events):
Event: 197.391 GC heap before
{Heap before GC invocations=154 (full 10):
 par new generation   total 3712K, used 3711K [0x00000000c0000000, 0x00000000c0400000, 0x00000000c5330000)
  eden space 3328K, 100% used [0x00000000c0000000, 0x00000000c0340000, 0x00000000c0340000)
  from space 384K,  99% used [0x00000000c0340000, 0x00000000c039fff8, 0x00000000c03a0000)
  to   space 384K,   0% used [0x00000000c03a0000, 0x00000000c03a0000, 0x00000000c0400000)
 concurrent mark-sweep generation total 67812K, used 50646K [0x00000000c5330000, 0x00000000c9569000, 0x0000000100000000)
 Metaspace       used 43205K, capacity 45054K, committed 45308K, reserved 1087488K
  class space    used 7355K, capacity 7890K, committed 7936K, reserved 1048576K
Event: 197.679 GC heap after
Heap after GC invocations=155 (full 10):
 par new generation   total 3712K, used 384K [0x00000000c0000000, 0x00000000c0400000, 0x00000000c5330000)
  eden space 3328K,   0% used [0x00000000c0000000, 0x00000000c0000000, 0x00000000c0340000)
  from space 384K, 100% used [0x00000000c03a0000, 0x00000000c0400000, 0x00000000c0400000)
  to   space 384K,   0% used [0x00000000c0340000, 0x00000000c0340000, 0x00000000c03a0000)
 concurrent mark-sweep generation total 67812K, used 50961K [0x00000000c5330000, 0x00000000c9569000, 0x0000000100000000)
 Metaspace       used 43205K, capacity 45054K, committed 45308K, reserved 1087488K
  class space    used 7355K, capacity 7890K, committed 7936K, reserved 1048576K
}
Event: 213.007 GC heap before
{Heap before GC invocations=155 (full 11):
 par new generation   total 3712K, used 3712K [0x00000000c0000000, 0x00000000c0400000, 0x00000000c5330000)
  eden space 3328K, 100% used [0x00000000c0000000, 0x00000000c0340000, 0x00000000c0340000)
  from space 384K, 100% used [0x00000000c03a0000, 0x00000000c0400000, 0x00000000c0400000)
  to   space 384K,   0% used [0x00000000c0340000, 0x00000000c0340000, 0x00000000c03a0000)
 concurrent mark-sweep generation total 67812K, used 50961K [0x00000000c5330000, 0x00000000c9569000, 0x0000000100000000)
 Metaspace       used 43342K, capacity 45272K, committed 45436K, reserved 1087488K
  class space    used 7370K, capacity 7940K, committed 8064K, reserved 1048576K
Event: 213.145 GC heap after
Heap after GC invocations=156 (full 11):
 par new generation   total 3712K, used 384K [0x00000000c0000000, 0x00000000c0400000, 0x00000000c5330000)
  eden space 3328K,   0% used [0x00000000c0000000, 0x00000000c0000000, 0x00000000c0340000)
  from space 384K, 100% used [0x00000000c0340000, 0x00000000c03a0000, 0x00000000c03a0000)
  to   space 384K,   0% used [0x00000000c03a0000, 0x00000000c03a0000, 0x00000000c0400000)
 concurrent mark-sweep generation total 67812K, used 51178K [0x00000000c5330000, 0x00000000c9569000, 0x0000000100000000)
 Metaspace       used 43342K, capacity 45272K, committed 45436K, reserved 1087488K
  class space    used 7370K, capacity 7940K, committed 8064K, reserved 1048576K
}
Event: 495.219 GC heap before
{Heap before GC invocations=156 (full 11):
 par new generation   total 3712K, used 3712K [0x00000000c0000000, 0x00000000c0400000, 0x00000000c5330000)
  eden space 3328K, 100% used [0x00000000c0000000, 0x00000000c0340000, 0x00000000c0340000)
  from space 384K, 100% used [0x00000000c0340000, 0x00000000c03a0000, 0x00000000c03a0000)
  to   space 384K,   0% used [0x00000000c03a0000, 0x00000000c03a0000, 0x00000000c0400000)
 concurrent mark-sweep generation total 67812K, used 51112K [0x00000000c5330000, 0x00000000c9569000, 0x0000000100000000)
 Metaspace       used 43460K, capacity 45478K, committed 45692K, reserved 1087488K
  class space    used 7384K, capacity 7980K, committed 8064K, reserved 1048576K
Event: 645.838 GC heap after
Heap after GC invocations=157 (full 11):
 par new generation   total 3712K, used 359K [0x00000000c0000000, 0x00000000c0400000, 0x00000000c5330000)
  eden space 3328K,   0% used [0x00000000c0000000, 0x00000000c0000000, 0x00000000c0340000)
  from space 384K,  93% used [0x00000000c03a0000, 0x00000000c03f9c10, 0x00000000c0400000)
  to   space 384K,   0% used [0x00000000c0340000, 0x00000000c0340000, 0x00000000c03a0000)
 concurrent mark-sweep generation total 67812K, used 51516K [0x00000000c5330000, 0x00000000c9569000, 0x0000000100000000)
 Metaspace       used 43460K, capacity 45478K, committed 45692K, reserved 1087488K
  class space    used 7384K, capacity 7980K, committed 8064K, reserved 1048576K
}
Event: 827.994 GC heap before
{Heap before GC invocations=157 (full 11):
 par new generation   total 3712K, used 3687K [0x00000000c0000000, 0x00000000c0400000, 0x00000000c5330000)
  eden space 3328K, 100% used [0x00000000c0000000, 0x00000000c0340000, 0x00000000c0340000)
  from space 384K,  93% used [0x00000000c03a0000, 0x00000000c03f9c10, 0x00000000c0400000)
  to   space 384K,   0% used [0x00000000c0340000, 0x00000000c0340000, 0x00000000c03a0000)
 concurrent mark-sweep generation total 67812K, used 51400K [0x00000000c5330000, 0x00000000c9569000, 0x0000000100000000)
 Metaspace       used 43519K, capacity 45560K, committed 45692K, reserved 1087488K
  class space    used 7397K, capacity 8006K, committed 8064K, reserved 1048576K
Event: 896.982 GC heap after
Heap after GC invocations=158 (full 11):
 par new generation   total 3712K, used 302K [0x00000000c0000000, 0x00000000c0400000, 0x00000000c5330000)
  eden space 3328K,   0% used [0x00000000c0000000, 0x00000000c0000000, 0x00000000c0340000)
  from space 384K,  78% used [0x00000000c0340000, 0x00000000c038b808, 0x00000000c03a0000)
  to   space 384K,   0% used [0x00000000c03a0000, 0x00000000c03a0000, 0x00000000c0400000)
 concurrent mark-sweep generation total 67812K, used 51400K [0x00000000c5330000, 0x00000000c9569000, 0x0000000100000000)
 Metaspace       used 43519K, capacity 45560K, committed 45692K, reserved 1087488K
  class space    used 7397K, capacity 8006K, committed 8064K, reserved 1048576K
}
Event: 996.189 GC heap before
{Heap before GC invocations=158 (full 11):
 par new generation   total 3712K, used 3630K [0x00000000c0000000, 0x00000000c0400000, 0x00000000c5330000)
  eden space 3328K, 100% used [0x00000000c0000000, 0x00000000c0340000, 0x00000000c0340000)
  from space 384K,  78% used [0x00000000c0340000, 0x00000000c038b808, 0x00000000c03a0000)
  to   space 384K,   0% used [0x00000000c03a0000, 0x00000000c03a0000, 0x00000000c0400000)
 concurrent mark-sweep generation total 67812K, used 51271K [0x00000000c5330000, 0x00000000c9569000, 0x0000000100000000)
 Metaspace       used 43585K, capacity 45686K, committed 45948K, reserved 1087488K
  class space    used 7409K, capacity 8040K, committed 8064K, reserved 1048576K
Event: 1073.978 GC heap after
Heap after GC invocations=159 (full 11):
 par new generation   total 3712K, used 309K [0x00000000c0000000, 0x00000000c0400000, 0x00000000c5330000)
  eden space 3328K,   0% used [0x00000000c0000000, 0x00000000c0000000, 0x00000000c0340000)
  from space 384K,  80% used [0x00000000c03a0000, 0x00000000c03ed550, 0x00000000c0400000)
  to   space 384K,   0% used [0x00000000c0340000, 0x00000000c0340000, 0x00000000c03a0000)
 concurrent mark-sweep generation total 67812K, used 51271K [0x00000000c5330000, 0x00000000c9569000, 0x0000000100000000)
 Metaspace       used 43585K, capacity 45686K, committed 45948K, reserved 1087488K
  class space    used 7409K, capacity 8040K, committed 8064K, reserved 1048576K
}

Deoptimization events (10 events):
Event: 166.904 Thread 0x00007f9d0c0e2000 Uncommon trap: reason=unstable_if action=reinterpret pc=0x00007f9d1e00ed54 method=sun.nio.cs.UTF_8$Decoder.decodeArrayLoop(Ljava/nio/ByteBuffer;Ljava/nio/CharBuffer;)Ljava/nio/charset/CoderResult; @ 84
Event: 167.301 Thread 0x00007f9d0c0e2000 Uncommon trap: reason=unstable_if action=reinterpret pc=0x00007f9d1d917030 method=java.util.concurrent.ConcurrentHashMap.putVal(Ljava/lang/Object;Ljava/lang/Object;Z)Ljava/lang/Object; @ 195
Event: 168.875 Thread 0x00007f9d0c0e2000 Uncommon trap: reason=null_assert action=make_not_entrant pc=0x00007f9d1d4ff580 method=org.jruby.java.invokers.RubyToJavaInvoker.getAccessibleObjects()[Ljava/lang/reflect/AccessibleObject; @ 4
Event: 176.215 Thread 0x00007f9d0c0e2000 Uncommon trap: reason=unstable_if action=reinterpret pc=0x00007f9d1d869b6c method=org.jruby.runtime.Helpers.fillNil([Lorg/jruby/runtime/builtin/IRubyObject;IILorg/jruby/Ruby;)V @ 2
Event: 178.209 Thread 0x00007f9d0c0e2000 Uncommon trap: reason=unstable_if action=reinterpret pc=0x00007f9d1daac0cc method=java.util.concurrent.locks.ReentrantLock$NonfairSync.lock()V @ 6
Event: 180.037 Thread 0x00007f9d0c0e2000 Uncommon trap: reason=predicate action=maybe_recompile pc=0x00007f9d1d6328bc method=sun.net.www.ParseUtil.encodePath(Ljava/lang/String;Z)Ljava/lang/String; @ 36
Event: 204.700 Thread 0x00007f9d0c0e2000 Uncommon trap: reason=null_check action=make_not_entrant pc=0x00007f9d1d663490 method=org.jruby.ast.InstVarNode.getValue(Lorg/jruby/Ruby;Lorg/jruby/runtime/builtin/IRubyObject;)Lorg/jruby/runtime/builtin/IRubyObject; @ 74
Event: 213.571 Thread 0x00007f9d1423d000 Uncommon trap: reason=class_check action=maybe_recompile pc=0x00007f9d1df72734 method=org.jruby.RubyModule.searchWithCache(Ljava/lang/String;)Lorg/jruby/runtime/callsite/CacheEntry; @ 34
Event: 777.323 Thread 0x0000000001ee1800 Uncommon trap: reason=unstable_if action=reinterpret pc=0x00007f9d1dca65c0 method=org.jruby.util.CodegenUtils.ci(Ljava/lang/Class;)Ljava/lang/String; @ 223
Event: 778.343 Thread 0x0000000001ee1800 Uncommon trap: reason=unstable_if action=reinterpret pc=0x00007f9d1d7454ec method=org.jruby.org.objectweb.asm.Type.getArgumentsAndReturnSizes(Ljava/lang/String;)I @ 130

Internal exceptions (10 events):
Event: 35.609 Thread 0x00007f9d2c5ce000 Exception <a 'java/lang/ClassNotFoundException': org/jruby/gen/com$jrjackson$JrJacksonRaw$POPULATOR> (0x00000000c02277f0) thrown at [/HUDSON3/workspace/8-2-build-linux-amd64/jdk8u144/9417/hotspot/src/share/vm/classfile/systemDictionary.cpp, line 210]
Event: 35.629 Thread 0x00007f9d2c5ce000 Exception <a 'java/lang/ClassNotFoundException': org/jruby/gen/com$jrjackson$JrJacksonRuby$POPULATOR> (0x00000000c028c588) thrown at [/HUDSON3/workspace/8-2-build-linux-amd64/jdk8u144/9417/hotspot/src/share/vm/classfile/systemDictionary.cpp, line 210]
Event: 35.633 Thread 0x00007f9d2c5ce000 Exception <a 'java/lang/ClassNotFoundException': org/jruby/gen/com$jrjackson$JrJacksonJava$POPULATOR> (0x00000000c02bb8d8) thrown at [/HUDSON3/workspace/8-2-build-linux-amd64/jdk8u144/9417/hotspot/src/share/vm/classfile/systemDictionary.cpp, line 210]
Event: 35.640 Thread 0x00007f9d2c5ce000 Exception <a 'java/lang/ClassNotFoundException': org/jruby/gen/com$jrjackson$JrJacksonSaj$POPULATOR> (0x00000000c02e8ca8) thrown at [/HUDSON3/workspace/8-2-build-linux-amd64/jdk8u144/9417/hotspot/src/share/vm/classfile/systemDictionary.cpp, line 210]
Event: 35.643 Thread 0x00007f9d2c5ce000 Exception <a 'java/lang/ClassNotFoundException': org/jruby/gen/com$jrjackson$JrJacksonSch$POPULATOR> (0x00000000c030a4e8) thrown at [/HUDSON3/workspace/8-2-build-linux-amd64/jdk8u144/9417/hotspot/src/share/vm/classfile/systemDictionary.cpp, line 210]
Event: 38.522 Thread 0x00007f9d2c5ce000 Implicit null exception at 0x00007f9d1d9c3e45 to 0x00007f9d1d9c4a69
Event: 39.364 Thread 0x00007f9d2c5ce000 Implicit null exception at 0x00007f9d1d475195 to 0x00007f9d1d475529
Event: 101.892 Thread 0x00007f9d2c5ce000 Exception <a 'java/lang/ClassNotFoundException': org/jruby/gen/org$manticore$Manticore$EntityConverter$POPULATOR> (0x00000000c01bbce0) thrown at [/HUDSON3/workspace/8-2-build-linux-amd64/jdk8u144/9417/hotspot/src/share/vm/classfile/systemDictionary.cpp, l
Event: 150.195 Thread 0x00007f9d0c0e2000 Exception <a 'java/lang/NoClassDefFoundError': org/apache/log4j/Priority> (0x00000000c0164fb8) thrown at [/HUDSON3/workspace/8-2-build-linux-amd64/jdk8u144/9417/hotspot/src/share/vm/classfile/systemDictionary.cpp, line 199]
Event: 204.700 Thread 0x00007f9d0c0e2000 Implicit null exception at 0x00007f9d1d66329b to 0x00007f9d1d663481

Events (10 events):
Event: 985.875 loading class rubyjit$LogStash::Pipeline$$inflight_batches_synchronize_561070b22b3c2549528ad2018b3605ff520314781028566121$block_0$RUBY$__file__ done
Event: 995.048 Executing VM operation: GenCollectForAllocation
Event: 1075.675 Executing VM operation: GenCollectForAllocation done
Event: 1079.569 Executing VM operation: RevokeBias
Event: 1083.428 Executing VM operation: RevokeBias done
Event: 1083.995 Thread 0x0000000001ee1800 Thread exited: 0x0000000001ee1800
Event: 1151.199 Thread 0x00007f9d2c0f8000 flushing nmethod 0x00007f9d1dd6b810
Event: 1179.775 Thread 0x00007f9d2c0f8000 flushing nmethod 0x00007f9d1ddb66d0
Event: 1184.428 Thread 0x00007f9d2c0f8000 flushing nmethod 0x00007f9d1ddead50
Event: 1246.870 Thread 0x00007f9d2c0f8000 flushing nmethod 0x00007f9d1dfe6190


Dynamic libraries:
00400000-00401000 r-xp 00000000 fc:00 276079                             /usr/lib/jvm/java-8-oracle/bin/java
00600000-00601000 rw-p 00000000 fc:00 276079                             /usr/lib/jvm/java-8-oracle/bin/java
01541000-021a2000 rw-p 00000000 00:00 0                                  [heap]
c0000000-c0400000 rw-p 00000000 00:00 0 
c0400000-c5330000 ---p 00000000 00:00 0 
c5330000-c9569000 rw-p 00000000 00:00 0 
ca171000-100000000 ---p 00000000 00:00 0 
100000000-1007e0000 rw-p 00000000 00:00 0 
1007e0000-140000000 ---p 00000000 00:00 0 
7f9cf8d51000-7f9cf8d54000 ---p 00000000 00:00 0 
7f9cf8d54000-7f9cf8f52000 rw-p 00000000 00:00 0 
7f9cf8f52000-7f9cf8f55000 ---p 00000000 00:00 0 
7f9cf8f55000-7f9cf9153000 rw-p 00000000 00:00 0 
7f9cf9153000-7f9cf9156000 ---p 00000000 00:00 0 
7f9cf9156000-7f9cf9454000 rw-p 00000000 00:00 0 
7f9cf9454000-7f9cf9554000 ---p 00000000 00:00 0 
7f9cf9554000-7f9cf9754000 rw-p 00000000 00:00 0 
7f9cf9754000-7f9cf9757000 ---p 00000000 00:00 0 
7f9cf9757000-7f9cf9955000 rw-p 00000000 00:00 0 
7f9cf9955000-7f9cf9958000 ---p 00000000 00:00 0 
7f9cf9958000-7f9cf9d56000 rw-p 00000000 00:00 0 
7f9cf9d56000-7f9cf9d59000 ---p 00000000 00:00 0 
7f9cf9d59000-7f9cf9f57000 rw-p 00000000 00:00 0 
7f9cf9f57000-7f9cf9f5a000 ---p 00000000 00:00 0 
7f9cf9f5a000-7f9cfa358000 rw-p 00000000 00:00 0 
7f9cfa358000-7f9cfa36e000 r-xp 00000000 fc:00 637                        /lib/x86_64-linux-gnu/libgcc_s.so.1
7f9cfa36e000-7f9cfa56d000 ---p 00016000 fc:00 637                        /lib/x86_64-linux-gnu/libgcc_s.so.1
7f9cfa56d000-7f9cfa56e000 rw-p 00015000 fc:00 637                        /lib/x86_64-linux-gnu/libgcc_s.so.1
7f9cfa56e000-7f9cfa5a0000 r-xp 00000000 fc:00 276171                     /usr/lib/jvm/java-8-oracle/jre/lib/amd64/libsunec.so
7f9cfa5a0000-7f9cfa79f000 ---p 00032000 fc:00 276171                     /usr/lib/jvm/java-8-oracle/jre/lib/amd64/libsunec.so
7f9cfa79f000-7f9cfa7a5000 rw-p 00031000 fc:00 276171                     /usr/lib/jvm/java-8-oracle/jre/lib/amd64/libsunec.so
7f9cfa7a5000-7f9cfa9b5000 rw-p 00000000 00:00 0 
7f9cfa9b5000-7f9cfabb5000 rw-p 00000000 00:00 0 
7f9cfabb5000-7f9cfadb5000 rw-p 00000000 00:00 0 
7f9cfadb5000-7f9cfafb5000 rw-p 00000000 00:00 0 
7f9cfafb5000-7f9cfafbe000 r-xp 00000000 fc:00 10066                      /lib/x86_64-linux-gnu/libcrypt-2.23.so
7f9cfafbe000-7f9cfb1bd000 ---p 00009000 fc:00 10066                      /lib/x86_64-linux-gnu/libcrypt-2.23.so
7f9cfb1bd000-7f9cfb1be000 r--p 00008000 fc:00 10066                      /lib/x86_64-linux-gnu/libcrypt-2.23.so
7f9cfb1be000-7f9cfb1bf000 rw-p 00009000 fc:00 10066                      /lib/x86_64-linux-gnu/libcrypt-2.23.so
7f9cfb1bf000-7f9cfb3ed000 rw-p 00000000 00:00 0 
7f9cfb3ed000-7f9cfb3f0000 ---p 00000000 00:00 0 
7f9cfb3f0000-7f9cfb5ee000 rw-p 00000000 00:00 0 
7f9cfb5ee000-7f9cfb600000 r-xp 00000000 fc:00 138900                     /opt/logstash/vendor/jruby/lib/jni/x86_64-Linux/libjffi-1.2.so
7f9cfb600000-7f9cfb7ff000 ---p 00012000 fc:00 138900                     /opt/logstash/vendor/jruby/lib/jni/x86_64-Linux/libjffi-1.2.so
7f9cfb7ff000-7f9cfb800000 rw-p 00011000 fc:00 138900                     /opt/logstash/vendor/jruby/lib/jni/x86_64-Linux/libjffi-1.2.so
7f9cfb800000-7f9cfba00000 rw-p 00000000 00:00 0 
7f9cfba00000-7f9cfbbff000 rw-p 00000000 00:00 0 
7f9cfbbff000-7f9cfbc00000 ---p 00000000 00:00 0 
7f9cfbc00000-7f9cfbe00000 rw-p 00000000 00:00 0 
7f9cfbe00000-7f9cfc000000 rw-p 00000000 00:00 0 
7f9cfc000000-7f9cfc021000 rw-p 00000000 00:00 0 
7f9cfc021000-7f9d00000000 ---p 00000000 00:00 0 
7f9d00000000-7f9d02078000 rw-p 00000000 00:00 0 
7f9d02078000-7f9d04000000 ---p 00000000 00:00 0 
7f9d04000000-7f9d040b8000 rw-p 00000000 00:00 0 
7f9d040b8000-7f9d08000000 ---p 00000000 00:00 0 
7f9d08000000-7f9d0803e000 rw-p 00000000 00:00 0 
7f9d0803e000-7f9d0c000000 ---p 00000000 00:00 0 
7f9d0c000000-7f9d0c38b000 rw-p 00000000 00:00 0 
7f9d0c38b000-7f9d10000000 ---p 00000000 00:00 0 
7f9d10000000-7f9d10196000 rw-p 00000000 00:00 0 
7f9d10196000-7f9d14000000 ---p 00000000 00:00 0 
7f9d14000000-7f9d14258000 rw-p 00000000 00:00 0 
7f9d14258000-7f9d18000000 ---p 00000000 00:00 0 
7f9d180bd000-7f9d180be000 r--s 00000000 fc:00 273838                     /opt/logstash/vendor/bundle/jruby/1.9/gems/filewatch-0.8.1/lib/JRubyFileExtension.jar
7f9d180be000-7f9d180bf000 r--s 00001000 fc:00 278129                     /opt/logstash/vendor/bundle/jruby/1.9/gems/manticore-0.6.0-java/lib/org/manticore/manticore-ext.jar
7f9d180bf000-7f9d180c6000 r--s 00049000 fc:00 278140                     /opt/logstash/vendor/bundle/jruby/1.9/gems/manticore-0.6.0-java/lib/org/apache/httpcomponents/httpcore/4.4.4/httpcore-4.4.4.jar
7f9d180c6000-7f9d180d3000 r--s 000a7000 fc:00 278134                     /opt/logstash/vendor/bundle/jruby/1.9/gems/manticore-0.6.0-java/lib/org/apache/httpcomponents/httpclient/4.5.2/httpclient-4.5.2.jar
7f9d180d3000-7f9d180da000 r--s 0003f000 fc:00 278155                     /opt/logstash/vendor/bundle/jruby/1.9/gems/manticore-0.6.0-java/lib/commons-codec/commons-codec/1.10/commons-codec-1.10.jar
7f9d180da000-7f9d180dc000 r--s 00009000 fc:00 278137                     /opt/logstash/vendor/bundle/jruby/1.9/gems/manticore-0.6.0-java/lib/org/apache/httpcomponents/httpmime/4.5.2/httpmime-4.5.2.jar
7f9d180dc000-7f9d180de000 r--s 0000e000 fc:00 278126                     /opt/logstash/vendor/bundle/jruby/1.9/gems/manticore-0.6.0-java/lib/commons-logging/commons-logging/1.2/commons-logging-1.2.jar
7f9d180de000-7f9d180e0000 r--s 0000d000 fc:00 137887                     /opt/logstash/vendor/bundle/jruby/1.9/gems/jrjackson-0.3.9-java/lib/jrjackson/jars/jrjackson-1.2.18.jar
7f9d180e0000-7f9d180f1000 r--s 00114000 fc:00 137899                     /opt/logstash/vendor/bundle/jruby/1.9/gems/jrjackson-0.3.9-java/lib/com/fasterxml/jackson/core/jackson-databind/2.7.1/jackson-databind-2.7.1.jar
7f9d180f1000-7f9d180f4000 r--s 0000a000 fc:00 137896                     /opt/logstash/vendor/bundle/jruby/1.9/gems/jrjackson-0.3.9-java/lib/com/fasterxml/jackson/core/jackson-annotations/2.7.1/jackson-annotations-2.7.1.jar
7f9d180f4000-7f9d180f7000 r--s 00021000 fc:00 137906                     /opt/logstash/vendor/bundle/jruby/1.9/gems/jrjackson-0.3.9-java/lib/com/fasterxml/jackson/module/jackson-module-afterburner/2.7.1/jackson-module-afterburner-2.7.1.jar
7f9d180f7000-7f9d180fa000 r--s 0003b000 fc:00 137902                     /opt/logstash/vendor/bundle/jruby/1.9/gems/jrjackson-0.3.9-java/lib/com/fasterxml/jackson/core/jackson-core/2.7.1/jackson-core-2.7.1.jar
7f9d180fa000-7f9d180fe000 r--s 0001a000 fc:00 274469                     /opt/logstash/vendor/bundle/jruby/1.9/gems/thread_safe-0.3.5-java/lib/thread_safe/jruby_cache_backend.jar
7f9d180fe000-7f9d180ff000 r--s 00004000 fc:00 277452                     /opt/logstash/vendor/bundle/jruby/1.9/gems/concurrent-ruby-0.9.2-java/lib/concurrent_ruby_ext.jar
7f9d180ff000-7f9d18112000 r--s 00345000 fc:00 276387                     /usr/lib/jvm/java-8-oracle/jre/lib/resources.jar
7f9d18112000-7f9d18114000 r--s 00009000 fc:00 276240                     /usr/lib/jvm/java-8-oracle/jre/lib/ext/sunec.jar
7f9d18114000-7f9d18152000 r--s 0025e000 fc:00 279675                     /opt/logstash/vendor/bundle/jruby/1.9/gems/jruby-openssl-0.9.13-java/lib/org/bouncycastle/bcprov-jdk15on/1.50/bcprov-jdk15on-1.50.jar
7f9d18152000-7f9d18163000 r-xp 00000000 fc:00 276188                     /usr/lib/jvm/java-8-oracle/jre/lib/amd64/libnio.so
7f9d18163000-7f9d18362000 ---p 00011000 fc:00 276188                     /usr/lib/jvm/java-8-oracle/jre/lib/amd64/libnio.so
7f9d18362000-7f9d18363000 rw-p 00010000 fc:00 276188                     /usr/lib/jvm/java-8-oracle/jre/lib/amd64/libnio.so
7f9d18363000-7f9d18664000 rw-p 00000000 00:00 0 
7f9d18664000-7f9d1867a000 r-xp 00000000 fc:00 276163                     /usr/lib/jvm/java-8-oracle/jre/lib/amd64/libnet.so
7f9d1867a000-7f9d1887a000 ---p 00016000 fc:00 276163                     /usr/lib/jvm/java-8-oracle/jre/lib/amd64/libnet.so
7f9d1887a000-7f9d1887b000 rw-p 00016000 fc:00 276163                     /usr/lib/jvm/java-8-oracle/jre/lib/amd64/libnet.so
7f9d1887b000-7f9d18a7b000 rw-p 00000000 00:00 0 
7f9d18a7b000-7f9d18c7b000 rw-p 00000000 00:00 0 
7f9d18c7b000-7f9d18d6e000 r--s 00c4c000 fc:00 138893                     /opt/logstash/vendor/jruby/lib/jruby.jar
7f9d18d6e000-7f9d18d6f000 ---p 00000000 00:00 0 
7f9d18d6f000-7f9d18e6f000 rw-p 00000000 00:00 0 
7f9d18e6f000-7f9d18e72000 ---p 00000000 00:00 0 
7f9d18e72000-7f9d19070000 rw-p 00000000 00:00 0 
7f9d19070000-7f9d19073000 ---p 00000000 00:00 0 
7f9d19073000-7f9d19171000 rw-p 00000000 00:00 0 
7f9d19171000-7f9d19174000 ---p 00000000 00:00 0 
7f9d19174000-7f9d19272000 rw-p 00000000 00:00 0 
7f9d19272000-7f9d19275000 ---p 00000000 00:00 0 
7f9d19275000-7f9d19473000 rw-p 00000000 00:00 0 
7f9d19473000-7f9d19476000 ---p 00000000 00:00 0 
7f9d19476000-7f9d19674000 rw-p 00000000 00:00 0 
7f9d19674000-7f9d1994c000 r--p 00000000 fc:00 9962                       /usr/lib/locale/locale-archive
7f9d1994c000-7f9d1d000000 rw-p 00000000 00:00 0 
7f9d1d000000-7f9d1e0f0000 rwxp 00000000 00:00 0 
7f9d1e0f0000-7f9d2c000000 ---p 00000000 00:00 0 
7f9d2c000000-7f9d2c61a000 rw-p 00000000 00:00 0 
7f9d2c61a000-7f9d30000000 ---p 00000000 00:00 0 
7f9d30000000-7f9d30004000 r--s 0003a000 fc:00 276238                     /usr/lib/jvm/java-8-oracle/jre/lib/ext/sunpkcs11.jar
7f9d30004000-7f9d30019000 r--s 000e9000 fc:00 279692                     /opt/logstash/vendor/bundle/jruby/1.9/gems/jruby-openssl-0.9.13-java/lib/jopenssl.jar
7f9d30019000-7f9d30029000 r--s 00083000 fc:00 279678                     /opt/logstash/vendor/bundle/jruby/1.9/gems/jruby-openssl-0.9.13-java/lib/org/bouncycastle/bcpkix-jdk15on/1.50/bcpkix-jdk15on-1.50.jar
7f9d30029000-7f9d3002b000 r-xp 00000000 00:00 0 
7f9d3002b000-7f9d3002e000 r--s 0001a000 fc:00 276417                     /usr/lib/jvm/java-8-oracle/jre/lib/jce.jar
7f9d3002e000-7f9d30031000 ---p 00000000 00:00 0 
7f9d30031000-7f9d3022f000 rw-p 00000000 00:00 0 
7f9d3022f000-7f9d30232000 ---p 00000000 00:00 0 
7f9d30232000-7f9d30430000 rw-p 00000000 00:00 0 
7f9d30430000-7f9d30431000 ---p 00000000 00:00 0 
7f9d30431000-7f9d30580000 rw-p 00000000 00:00 0 
7f9d30580000-7f9d3075a000 r--s 03d4d000 fc:00 276155                     /usr/lib/jvm/java-8-oracle/jre/lib/rt.jar
7f9d3075a000-7f9d307d0000 rw-p 00000000 00:00 0 
7f9d307d0000-7f9d307d1000 ---p 00000000 00:00 0 
7f9d307d1000-7f9d309f4000 rw-p 00000000 00:00 0 
7f9d309f4000-7f9d30ba9000 ---p 00000000 00:00 0 
7f9d30ba9000-7f9d30cac000 rw-p 00000000 00:00 0 
7f9d30cac000-7f9d30cd3000 ---p 00000000 00:00 0 
7f9d30cd3000-7f9d30cf5000 rw-p 00000000 00:00 0 
7f9d30cf5000-7f9d30eaa000 ---p 00000000 00:00 0 
7f9d30eaa000-7f9d30eef000 rw-p 00000000 00:00 0 
7f9d30eef000-7f9d3126b000 ---p 00000000 00:00 0 
7f9d3126b000-7f9d31285000 r-xp 00000000 fc:00 276186                     /usr/lib/jvm/java-8-oracle/jre/lib/amd64/libzip.so
7f9d31285000-7f9d31485000 ---p 0001a000 fc:00 276186                     /usr/lib/jvm/java-8-oracle/jre/lib/amd64/libzip.so
7f9d31485000-7f9d31486000 rw-p 0001a000 fc:00 276186                     /usr/lib/jvm/java-8-oracle/jre/lib/amd64/libzip.so
7f9d31486000-7f9d31491000 r-xp 00000000 fc:00 10065                      /lib/x86_64-linux-gnu/libnss_files-2.23.so
7f9d31491000-7f9d31690000 ---p 0000b000 fc:00 10065                      /lib/x86_64-linux-gnu/libnss_files-2.23.so
7f9d31690000-7f9d31691000 r--p 0000a000 fc:00 10065                      /lib/x86_64-linux-gnu/libnss_files-2.23.so
7f9d31691000-7f9d31692000 rw-p 0000b000 fc:00 10065                      /lib/x86_64-linux-gnu/libnss_files-2.23.so
7f9d31692000-7f9d31698000 rw-p 00000000 00:00 0 
7f9d31698000-7f9d316a3000 r-xp 00000000 fc:00 10068                      /lib/x86_64-linux-gnu/libnss_nis-2.23.so
7f9d316a3000-7f9d318a2000 ---p 0000b000 fc:00 10068                      /lib/x86_64-linux-gnu/libnss_nis-2.23.so
7f9d318a2000-7f9d318a3000 r--p 0000a000 fc:00 10068                      /lib/x86_64-linux-gnu/libnss_nis-2.23.so
7f9d318a3000-7f9d318a4000 rw-p 0000b000 fc:00 10068                      /lib/x86_64-linux-gnu/libnss_nis-2.23.so
7f9d318a4000-7f9d318ba000 r-xp 00000000 fc:00 10061                      /lib/x86_64-linux-gnu/libnsl-2.23.so
7f9d318ba000-7f9d31ab9000 ---p 00016000 fc:00 10061                      /lib/x86_64-linux-gnu/libnsl-2.23.so
7f9d31ab9000-7f9d31aba000 r--p 00015000 fc:00 10061                      /lib/x86_64-linux-gnu/libnsl-2.23.so
7f9d31aba000-7f9d31abb000 rw-p 00016000 fc:00 10061                      /lib/x86_64-linux-gnu/libnsl-2.23.so
7f9d31abb000-7f9d31abd000 rw-p 00000000 00:00 0 
7f9d31abd000-7f9d31ac5000 r-xp 00000000 fc:00 10074                      /lib/x86_64-linux-gnu/libnss_compat-2.23.so
7f9d31ac5000-7f9d31cc4000 ---p 00008000 fc:00 10074                      /lib/x86_64-linux-gnu/libnss_compat-2.23.so
7f9d31cc4000-7f9d31cc5000 r--p 00007000 fc:00 10074                      /lib/x86_64-linux-gnu/libnss_compat-2.23.so
7f9d31cc5000-7f9d31cc6000 rw-p 00008000 fc:00 10074                      /lib/x86_64-linux-gnu/libnss_compat-2.23.so
7f9d31cc6000-7f9d31cf1000 r-xp 00000000 fc:00 276213                     /usr/lib/jvm/java-8-oracle/jre/lib/amd64/libjava.so
7f9d31cf1000-7f9d31ef0000 ---p 0002b000 fc:00 276213                     /usr/lib/jvm/java-8-oracle/jre/lib/amd64/libjava.so
7f9d31ef0000-7f9d31ef2000 rw-p 0002a000 fc:00 276213                     /usr/lib/jvm/java-8-oracle/jre/lib/amd64/libjava.so
7f9d31ef2000-7f9d31eff000 r-xp 00000000 fc:00 276164                     /usr/lib/jvm/java-8-oracle/jre/lib/amd64/libverify.so
7f9d31eff000-7f9d320ff000 ---p 0000d000 fc:00 276164                     /usr/lib/jvm/java-8-oracle/jre/lib/amd64/libverify.so
7f9d320ff000-7f9d32101000 rw-p 0000d000 fc:00 276164                     /usr/lib/jvm/java-8-oracle/jre/lib/amd64/libverify.so
7f9d32101000-7f9d32108000 r-xp 00000000 fc:00 10070                      /lib/x86_64-linux-gnu/librt-2.23.so
7f9d32108000-7f9d32307000 ---p 00007000 fc:00 10070                      /lib/x86_64-linux-gnu/librt-2.23.so
7f9d32307000-7f9d32308000 r--p 00006000 fc:00 10070                      /lib/x86_64-linux-gnu/librt-2.23.so
7f9d32308000-7f9d32309000 rw-p 00007000 fc:00 10070                      /lib/x86_64-linux-gnu/librt-2.23.so
7f9d32309000-7f9d3230c000 ---p 00000000 00:00 0 
7f9d3230c000-7f9d3250a000 rw-p 00000000 00:00 0 
7f9d3250a000-7f9d32612000 r-xp 00000000 fc:00 10079                      /lib/x86_64-linux-gnu/libm-2.23.so
7f9d32612000-7f9d32811000 ---p 00108000 fc:00 10079                      /lib/x86_64-linux-gnu/libm-2.23.so
7f9d32811000-7f9d32812000 r--p 00107000 fc:00 10079                      /lib/x86_64-linux-gnu/libm-2.23.so
7f9d32812000-7f9d32813000 rw-p 00108000 fc:00 10079                      /lib/x86_64-linux-gnu/libm-2.23.so
7f9d32813000-7f9d334e6000 r-xp 00000000 fc:00 276217                     /usr/lib/jvm/java-8-oracle/jre/lib/amd64/server/libjvm.so
7f9d334e6000-7f9d336e5000 ---p 00cd3000 fc:00 276217                     /usr/lib/jvm/java-8-oracle/jre/lib/amd64/server/libjvm.so
7f9d336e5000-7f9d337bf000 rw-p 00cd2000 fc:00 276217                     /usr/lib/jvm/java-8-oracle/jre/lib/amd64/server/libjvm.so
7f9d337bf000-7f9d3380a000 rw-p 00000000 00:00 0 
7f9d3380a000-7f9d339ca000 r-xp 00000000 fc:00 10084                      /lib/x86_64-linux-gnu/libc-2.23.so
7f9d339ca000-7f9d33bca000 ---p 001c0000 fc:00 10084                      /lib/x86_64-linux-gnu/libc-2.23.so
7f9d33bca000-7f9d33bce000 r--p 001c0000 fc:00 10084                      /lib/x86_64-linux-gnu/libc-2.23.so
7f9d33bce000-7f9d33bd0000 rw-p 001c4000 fc:00 10084                      /lib/x86_64-linux-gnu/libc-2.23.so
7f9d33bd0000-7f9d33bd4000 rw-p 00000000 00:00 0 
7f9d33bd4000-7f9d33bd7000 r-xp 00000000 fc:00 10073                      /lib/x86_64-linux-gnu/libdl-2.23.so
7f9d33bd7000-7f9d33dd6000 ---p 00003000 fc:00 10073                      /lib/x86_64-linux-gnu/libdl-2.23.so
7f9d33dd6000-7f9d33dd7000 r--p 00002000 fc:00 10073                      /lib/x86_64-linux-gnu/libdl-2.23.so
7f9d33dd7000-7f9d33dd8000 rw-p 00003000 fc:00 10073                      /lib/x86_64-linux-gnu/libdl-2.23.so
7f9d33dd8000-7f9d33ded000 r-xp 00000000 fc:00 275298                     /usr/lib/jvm/java-8-oracle/lib/amd64/jli/libjli.so
7f9d33ded000-7f9d33fed000 ---p 00015000 fc:00 275298                     /usr/lib/jvm/java-8-oracle/lib/amd64/jli/libjli.so
7f9d33fed000-7f9d33fee000 rw-p 00015000 fc:00 275298                     /usr/lib/jvm/java-8-oracle/lib/amd64/jli/libjli.so
7f9d33fee000-7f9d34006000 r-xp 00000000 fc:00 10067                      /lib/x86_64-linux-gnu/libpthread-2.23.so
7f9d34006000-7f9d34205000 ---p 00018000 fc:00 10067                      /lib/x86_64-linux-gnu/libpthread-2.23.so
7f9d34205000-7f9d34206000 r--p 00017000 fc:00 10067                      /lib/x86_64-linux-gnu/libpthread-2.23.so
7f9d34206000-7f9d34207000 rw-p 00018000 fc:00 10067                      /lib/x86_64-linux-gnu/libpthread-2.23.so
7f9d34207000-7f9d3420b000 rw-p 00000000 00:00 0 
7f9d3420b000-7f9d34231000 r-xp 00000000 fc:00 10062                      /lib/x86_64-linux-gnu/ld-2.23.so
7f9d34231000-7f9d34236000 r--s 0009a000 fc:00 276107                     /usr/lib/jvm/java-8-oracle/jre/lib/jsse.jar
7f9d34236000-7f9d3431f000 rw-p 00000000 00:00 0 
7f9d3431f000-7f9d34320000 ---p 00000000 00:00 0 
7f9d34320000-7f9d34424000 rw-p 00000000 00:00 0 
7f9d34424000-7f9d3442c000 rw-s 00000000 fc:00 385071                     /tmp/hsperfdata_ubuntu/6934
7f9d3442c000-7f9d3442d000 rw-p 00000000 00:00 0 
7f9d3442d000-7f9d3442e000 r--p 00000000 00:00 0 
7f9d3442e000-7f9d34430000 rw-p 00000000 00:00 0 
7f9d34430000-7f9d34431000 r--p 00025000 fc:00 10062                      /lib/x86_64-linux-gnu/ld-2.23.so
7f9d34431000-7f9d34432000 rw-p 00026000 fc:00 10062                      /lib/x86_64-linux-gnu/ld-2.23.so
7f9d34432000-7f9d34433000 rw-p 00000000 00:00 0 
7ffded2df000-7ffded300000 rw-p 00000000 00:00 0                          [stack]
7ffded3e1000-7ffded3e3000 r--p 00000000 00:00 0                          [vvar]
7ffded3e3000-7ffded3e5000 r-xp 00000000 00:00 0                          [vdso]
ffffffffff600000-ffffffffff601000 r-xp 00000000 00:00 0                  [vsyscall]

VM Arguments:
jvm_args: -XX:+UseParNewGC -XX:+UseConcMarkSweepGC -Djava.awt.headless=true -XX:CMSInitiatingOccupancyFraction=75 -XX:+UseCMSInitiatingOccupancyOnly -XX:+HeapDumpOnOutOfMemoryError -Xmx1g -Xss2048k -Djffi.boot.library.path=/opt/logstash/vendor/jruby/lib/jni -XX:+UseParNewGC -XX:+UseConcMarkSweepGC -Djava.awt.headless=true -XX:CMSInitiatingOccupancyFraction=75 -XX:+UseCMSInitiatingOccupancyOnly -XX:+HeapDumpOnOutOfMemoryError -XX:HeapDumpPath=/opt/logstash/heapdump.hprof -Xbootclasspath/a:/opt/logstash/vendor/jruby/lib/jruby.jar -Djruby.home=/opt/logstash/vendor/jruby -Djruby.lib=/opt/logstash/vendor/jruby/lib -Djruby.script=jruby -Djruby.shell=/bin/sh 
java_command: org.jruby.Main --1.9 /opt/logstash/lib/bootstrap/environment.rb logstash/runner.rb agent -f /home/ubuntu/elk_hello_world/distrib/distrib_100_csv_youssef_2.conf
java_class_path (initial): :
Launcher Type: SUN_STANDARD

Environment Variables:
JAVA_HOME=/usr/lib/jvm/java-8-oracle
PATH=/opt/logstash/vendor/bundle/jruby/1.9/bin:/home/ubuntu/bin:/home/ubuntu/.local/bin:/usr/local/sbin:/usr/local/bin:/usr/sbin:/usr/bin:/sbin:/bin:/usr/games:/usr/local/games:/snap/bin:/usr/local/bin/consul
SHELL=/bin/bash

Signal Handlers:
SIGSEGV: [libjvm.so+0xacba10], sa_mask[0]=11111111011111111101111111111110, sa_flags=SA_RESTART|SA_SIGINFO
SIGBUS: [libjvm.so+0xacba10], sa_mask[0]=11111111011111111101111111111110, sa_flags=SA_RESTART|SA_SIGINFO
SIGFPE: [libjvm.so+0x924ba0], sa_mask[0]=11111111011111111101111111111110, sa_flags=SA_RESTART|SA_SIGINFO
SIGPIPE: [libjvm.so+0x924ba0], sa_mask[0]=11111111011111111101111111111110, sa_flags=SA_RESTART|SA_SIGINFO
SIGXFSZ: [libjvm.so+0x924ba0], sa_mask[0]=11111111011111111101111111111110, sa_flags=SA_RESTART|SA_SIGINFO
SIGILL: [libjvm.so+0x924ba0], sa_mask[0]=11111111011111111101111111111110, sa_flags=SA_RESTART|SA_SIGINFO
SIGUSR1: SIG_DFL, sa_mask[0]=00000000000000000000000000000000, sa_flags=none
SIGUSR2: [libjvm.so+0x9263e0], sa_mask[0]=00000000000000000000000000000000, sa_flags=SA_RESTART|SA_SIGINFO
SIGHUP: [libjvm.so+0x9277e0], sa_mask[0]=11111111011111111101111111111110, sa_flags=SA_RESTART|SA_SIGINFO
SIGINT: SIG_IGN, sa_mask[0]=00000000000000000000000000000000, sa_flags=none
SIGTERM: [libjvm.so+0x9277e0], sa_mask[0]=11111111011111111101111111111110, sa_flags=SA_RESTART|SA_SIGINFO
SIGQUIT: [libjvm.so+0x9277e0], sa_mask[0]=11111111011111111101111111111110, sa_flags=SA_RESTART|SA_SIGINFO


---------------  S Y S T E M  ---------------

OS:DISTRIB_ID=Ubuntu
DISTRIB_RELEASE=16.04
DISTRIB_CODENAME=xenial
DISTRIB_DESCRIPTION="Ubuntu 16.04.2 LTS"

uname:Linux 4.4.0-91-generic #114-Ubuntu SMP Tue Aug 8 11:56:56 UTC 2017 x86_64
libc:glibc 2.23 NPTL 2.23 
rlimit: STACK 8192k, CORE 0k, NPROC 2731, NOFILE 65536, AS infinity
load average:37.25 30.04 19.22

/proc/meminfo:
MemTotal:         739548 kB
MemFree:           46004 kB
MemAvailable:       1400 kB
Buffers:             356 kB
Cached:            10964 kB
SwapCached:          476 kB
Active:           316528 kB
Inactive:         319428 kB
Active(anon):     312252 kB
Inactive(anon):   315176 kB
Active(file):       4276 kB
Inactive(file):     4252 kB
Unevictable:        3660 kB
Mlocked:            3660 kB
SwapTotal:        524284 kB
SwapFree:              0 kB
Dirty:                16 kB
Writeback:            12 kB
AnonPages:        628008 kB
Mapped:             7944 kB
Shmem:               328 kB
Slab:              26132 kB
SReclaimable:      11720 kB
SUnreclaim:        14412 kB
KernelStack:        4576 kB
PageTables:         7488 kB
NFS_Unstable:          0 kB
Bounce:                0 kB
WritebackTmp:          0 kB
CommitLimit:      894056 kB
Committed_AS:    1844672 kB
VmallocTotal:   34359738367 kB
VmallocUsed:           0 kB
VmallocChunk:          0 kB
HardwareCorrupted:     0 kB
AnonHugePages:    282624 kB
CmaTotal:              0 kB
CmaFree:               0 kB
HugePages_Total:       0
HugePages_Free:        0
HugePages_Rsvd:        0
HugePages_Surp:        0
Hugepagesize:       2048 kB
DirectMap4k:       44928 kB
DirectMap2M:      722944 kB


CPU:total 1 (initial active 1) (1 cores per cpu, 1 threads per core) family 15 model 6 stepping 1, cmov, cx8, fxsr, mmx, sse, sse2, sse3, tsc

/proc/cpuinfo:
processor	: 0
vendor_id	: GenuineIntel
cpu family	: 15
model		: 6
model name	: Common KVM processor
stepping	: 1
microcode	: 0x1
cpu MHz		: 2393.998
cache size	: 4096 KB
physical id	: 0
siblings	: 1
core id		: 0
cpu cores	: 1
apicid		: 0
initial apicid	: 0
fpu		: yes
fpu_exception	: yes
cpuid level	: 13
wp		: yes
flags		: fpu vme de pse tsc msr pae mce cx8 apic sep mtrr pge mca cmov pat pse36 clflush mmx fxsr sse sse2 syscall nx lm constant_tsc nopl xtopology pni cx16 x2apic hypervisor lahf_lm
bugs		:
bogomips	: 4787.99
clflush size	: 64
cache_alignment	: 128
address sizes	: 40 bits physical, 48 bits virtual
power management:



Memory: 4k page, physical 739548k(44156k free), swap 524284k(0k free)

vm_info: Java HotSpot(TM) 64-Bit Server VM (25.144-b01) for linux-amd64 JRE (1.8.0_144-b01), built on Jul 21 2017 21:57:33 by "java_re" with gcc 4.3.0 20080428 (Red Hat 4.3.0-8)

time: Sat Aug 12 20:30:36 2017
elapsed time: 1360 seconds (0d 0h 22m 40s)

